#
# A fatal error has been detected by the Java Runtime Environment:
#
#  EXCEPTION_ACCESS_VIOLATION (0xc0000005) at pc=0x000001b4d1900fa4, pid=31116, tid=21044
#
# JRE version: OpenJDK Runtime Environment Temurin-21.0.6+7 (21.0.6+7) (build 21.0.6+7-LTS)
# Java VM: OpenJDK 64-Bit Server VM Temurin-21.0.6+7 (21.0.6+7-LTS, mixed mode, emulated-client, sharing, tiered, compressed oops, compressed class ptrs, g1 gc, windows-amd64)
# Problematic frame:
# v  ~BufferBlob::MethodHandles adapters 0x000001b4d1900fa4
#
# No core dump will be written. Minidumps are not enabled by default on client versions of Windows
#
# If you would like to submit a bug report, please visit:
#   https://github.com/adoptium/adoptium-support/issues
#

---------------  S U M M A R Y ------------

Command Line: -XX:+ShowCodeDetailsInExceptionMessages -agentlib:jdwp=transport=dt_socket,suspend=y,address=localhost:50878 -Dcom.sun.management.jmxremote -Dcom.sun.management.jmxremote.port=50877 -Dcom.sun.management.jmxremote.authenticate=false -Dcom.sun.management.jmxremote.ssl=false -Djava.rmi.server.hostname=localhost -Dspring.jmx.enabled=true -Dmanagement.endpoints.jmx.exposure.include=* -Dspring.application.admin.enabled=true -Dspring.output.ansi.enabled=always -XX:TieredStopAtLevel=1 -Dspring.boot.project.name=ticket-processing-service -javaagent:C:\Users\Wanve.abhishek\Desktop\sts-4.29.0.RELEASE\configuration\org.eclipse.osgi\270\0\.cp\lib\javaagent-shaded.jar -Dfile.encoding=UTF-8 -Dstdout.encoding=UTF-8 -Dstderr.encoding=UTF-8 com.example.ticket_processing_service.TicketProcessingServiceApplication

Host: 12th Gen Intel(R) Core(TM) i5-1235U, 12 cores, 15G,  Windows 11 , 64 bit Build 22621 (10.0.22621.5415)
Time: Thu Jul 24 10:05:22 2025 India Standard Time elapsed time: 2219.913598 seconds (0d 0h 36m 59s)

---------------  T H R E A D  ---------------

Current thread (0x000001b4e3e23fc0):  JavaThread "org.springframework.kafka.KafkaListenerEndpointContainer#0-0-C-1"        [_thread_in_Java, id=21044, stack(0x000000532e900000,0x000000532ea00000) (1024K)]

Stack: [0x000000532e900000,0x000000532ea00000],  sp=0x000000532e9fe5e8,  free space=1017k
Native frames: (J=compiled Java code, j=interpreted, Vv=VM code, C=native code)
C  0x000001b4d1900fa4

The last pc belongs to _linkToVirtual (printed below).

siginfo: EXCEPTION_ACCESS_VIOLATION (0xc0000005), reading address 0xffffffffffffffff


Registers:
RAX=0x000001b4d18d9086, RBX=0x00000007070a0ff0, RCX=0x000000532e9fe5f8, RDX=0x0000000000000003
RSP=0x000000532e9fe5e8, RBP=0x000000532e9fe640, RSI=0x000001b4e26bb438, RDI=0x000001b4e41c37b0
R8 =0x0000000000000004, R9 =0x0000000000000004, R10=0x000001b500728c83, R11=0xe0e203db00000000
R12=0x0000000000000000, R13=0x000000532e9fe5e8, R14=0x000000532e9fe668, R15=0x000001b4e3e23fc0
RIP=0x000001b4d1900fa4, EFLAGS=0x0000000000010202

XMM[0]=0x0000000000000000 0x0000000000000000
XMM[1]=0x0000000000000000 0x0000000000000000
XMM[2]=0x0000000000000000 0x0000000000000000
XMM[3]=0x0000000000000000 0x0000000000000000
XMM[4]=0x0000000000000000 0x0000000000000000
XMM[5]=0x0000000000000000 0x0000000000000000
XMM[6]=0x0000000000000000 0x0000000000000000
XMM[7]=0x0000000000000000 0x0000000000000000
XMM[8]=0x0000000000000000 0x0000000000000000
XMM[9]=0x0000000000000000 0x0000000000000000
XMM[10]=0x0000000000000000 0x0000000000000000
XMM[11]=0x0000000000000000 0x0000000000000000
XMM[12]=0x0000000000000000 0x0000000000000000
XMM[13]=0x0000000000000000 0x0000000000000000
XMM[14]=0x0000000000000000 0x0000000000000000
XMM[15]=0x0000000000000000 0x0000000000000000
  MXCSR=0x00001fa0


Register to memory mapping:

RAX=0x000001b4d18d9086 is at code_begin+3078 in an Interpreter codelet
return entry points  [0x000001b4d18d8480, 0x000001b4d18da298]  7704 bytes
RBX=0x00000007070a0ff0 is an oop: java.lang.String 
{0x00000007070a0ff0} - klass: 'java/lang/String'
 - string: "{"requestId":"1753330307766-32a68e77","username":"john_doe","email":"wanveabhishek2002@gmail.com","quantity":"6","paymentMode":"Cash","concertId":"bf35b3d8-89c7-449a-b70f-d07fe8bca8e7"}"
 - ---- fields (total size 3 words):
 - private 'hash' 'I' @12  0 (0x00000000)
 - private final 'coder' 'B' @16  0 (0x00)
 - private 'hashIsZero' 'Z' @17  false (0x00)
 - injected 'flags' 'B' @18  0 (0x00)
 - private final 'value' '[B' @20  [B{0x0000000707101ed8} (0xe0e203db)
RCX=0x000000532e9fe5f8 is pointing into the stack for thread: 0x000001b4e3e23fc0
RDX=0x0000000000000003 is an unknown value
RSP=0x000000532e9fe5e8 is pointing into the stack for thread: 0x000001b4e3e23fc0
RBP=0x000000532e9fe640 is pointing into the stack for thread: 0x000001b4e3e23fc0
RSI=0x000001b4e26bb438 points into unknown readable memory: 0x880006004d479cc6 | c6 9c 47 4d 00 06 00 88
RDI=0x000001b4e41c37b0 points into unknown readable memory: 0x0000002000000070 | 70 00 00 00 20 00 00 00
R8 =0x0000000000000004 is an unknown value
R9 =0x0000000000000004 is an unknown value
R10=0x000001b500728c83 is an unknown value
R11=0xe0e203db00000000 is an unknown value
R12=0x0 is null
R13=0x000000532e9fe5e8 is pointing into the stack for thread: 0x000001b4e3e23fc0
R14=0x000000532e9fe668 is pointing into the stack for thread: 0x000001b4e3e23fc0
R15=0x000001b4e3e23fc0 is a thread

Top of Stack: (sp=0x000000532e9fe5e8)
0x000000532e9fe5e8:   000001b4d18d9086 0000000706387aa8
0x000000532e9fe5f8:   000000532e9fe5f8 000001b480728c83
0x000000532e9fe608:   0000000000000005 000001b4800b1088
0x000000532e9fe618:   000000000000000d 0000000705d82ea8
0x000000532e9fe628:   000001b4800b3b80 000000532e9fe5e8
0x000000532e9fe638:   000000532e9fe670 000000532e9fe990
0x000000532e9fe648:   000001b4d273823f 00000007070a1030
0x000000532e9fe658:   00000007070a0ff0 0000000706387aa8
0x000000532e9fe668:   00000007070a1008 0000000706007308
0x000000532e9fe678:   000001b4d1bb781e 0000000708665228
0x000000532e9fe688:   0000000706007308 00000007070a1060
0x000000532e9fe698:   0000000706387aa8 00000007070a1090
0x000000532e9fe6a8:   00000007070a0ff0 00000007070a0ff0
0x000000532e9fe6b8:   00000007070a10b8 00000007070a1008
0x000000532e9fe6c8:   0000000706387aa8 000001b4d2738154
0x000000532e9fe6d8:   0000000000000001 000000532e9fe990
0x000000532e9fe6e8:   000001b4d20e01b2 0000000708665228
0x000000532e9fe6f8:   0000000707e6e928 000000532e9fe3f0
0x000000532e9fe708:   000000532e9fe3f4 000000532e9fe440
0x000000532e9fe718:   000000532e9fe444 0000000000000000
0x000000532e9fe728:   0000000000000000 000000532e9fe990
0x000000532e9fe738:   000001b4d1d11fc4 000000532e9fe330
0x000000532e9fe748:   000000532e9fe334 0000000000000000
0x000000532e9fe758:   0000000000000c00 0000000000000000
0x000000532e9fe768:   0000000000000000 0000000000000000
0x000000532e9fe778:   0000000000000000 0000000000000000
0x000000532e9fe788:   0000000000000000 0000000000000000
0x000000532e9fe798:   0000000000000000 00000007070a10e0
0x000000532e9fe7a8:   00000007070a1100 0000000706387aa8
0x000000532e9fe7b8:   0000000707a47c40 0000000707e6e928
0x000000532e9fe7c8:   0000000706007308 0000000706007308
0x000000532e9fe7d8:   000001b400000001 0000000708665228 

Instructions: (pc=0x000001b4d1900fa4)
0x000001b4d1900ea4:   b4 01 00 00 00 0f 90 d1 b4 01 00 00 80 1f 90 d1
0x000001b4d1900eb4:   b4 01 00 00 f0 0e 90 d1 b4 01 00 00 f0 0e 90 d1
0x000001b4d1900ec4:   b4 01 00 00 00 00 00 00 00 00 00 00 38 87 7e 06
0x000001b4d1900ed4:   fe 7f 00 00 f0 10 00 00 60 00 00 00 ff ff ff ff
0x000001b4d1900ee4:   f0 10 00 00 00 00 00 00 00 00 00 00 00 00 00 00
0x000001b4d1900ef4:   00 00 00 00 00 00 00 00 00 00 00 00 f4 66 66 66
0x000001b4d1900f04:   0f 1f 84 00 00 00 00 00 66 66 66 90 66 66 66 0f
0x000001b4d1900f14:   1f 84 00 00 00 00 00 66 66 66 90 90 48 8b 53 08
0x000001b4d1900f24:   0f b7 52 2e 48 8b 0c d4 8b 59 14 48 c1 e3 03 8b
0x000001b4d1900f34:   5b 28 48 c1 e3 03 8b 5b 24 48 c1 e3 03 48 8b 5b
0x000001b4d1900f44:   10 48 85 db 0f 84 10 00 00 00 41 80 bf d8 05 00
0x000001b4d1900f54:   00 00 74 03 ff 63 38 ff 63 50 e9 9d 16 00 00 66
0x000001b4d1900f64:   66 66 0f 1f 84 00 00 00 00 00 66 66 66 90 66 66
0x000001b4d1900f74:   0f 1f 84 00 00 00 00 00 66 66 66 90 48 8b 53 08
0x000001b4d1900f84:   0f b7 52 2e 48 8b 0c d4 58 5b 50 44 8b 51 08 49
0x000001b4d1900f94:   bb 00 00 00 80 b4 01 00 00 4d 03 d3 4c 8b 5b 10
0x000001b4d1900fa4:   4b 8b 9c da c0 01 00 00 48 85 db 0f 84 10 00 00
0x000001b4d1900fb4:   00 41 80 bf d8 05 00 00 00 74 03 ff 63 38 ff 63
0x000001b4d1900fc4:   50 e9 36 16 00 00 66 66 66 0f 1f 84 00 00 00 00
0x000001b4d1900fd4:   00 66 66 66 90 0f 1f 80 00 00 00 00 58 5b 50 8b
0x000001b4d1900fe4:   5b 24 48 c1 e3 03 48 8b 5b 10 48 85 db 0f 84 10
0x000001b4d1900ff4:   00 00 00 41 80 bf d8 05 00 00 00 74 03 ff 63 38
0x000001b4d1901004:   ff 63 50 e9 f4 15 00 00 66 66 66 0f 1f 84 00 00
0x000001b4d1901014:   00 00 00 66 66 66 90 0f 1f 44 00 00 48 8b 53 08
0x000001b4d1901024:   0f b7 52 2e 48 8b 0c d4 58 5b 50 48 3b 01 8b 5b
0x000001b4d1901034:   24 48 c1 e3 03 48 8b 5b 10 48 85 db 0f 84 10 00
0x000001b4d1901044:   00 00 41 80 bf d8 05 00 00 00 74 03 ff 63 38 ff
0x000001b4d1901054:   63 50 e9 a5 15 00 00 0f 1f 44 00 00 48 8b 53 08
0x000001b4d1901064:   0f b7 52 2e 48 8b 0c d4 58 5b 50 44 8b 51 08 49
0x000001b4d1901074:   bb 00 00 00 80 b4 01 00 00 4d 03 d3 8b 43 18 48
0x000001b4d1901084:   c1 e0 03 48 8b 40 10 48 8b 5b 10 45 8b 9a a0 00
0x000001b4d1901094:   00 00 4f 8d 9c da c0 01 00 00 4d 8d 14 da 49 8b 


Stack slot to memory mapping:

stack at sp + 0 slots: 0x000001b4d18d9086 is at code_begin+3078 in an Interpreter codelet
return entry points  [0x000001b4d18d8480, 0x000001b4d18da298]  7704 bytes
stack at sp + 1 slots: 0x0000000706387aa8 is an oop: com.example.ticket_processing_service.service.TicketProcessor 
{0x0000000706387aa8} - klass: 'com/example/ticket_processing_service/service/TicketProcessor'
 - ---- fields (total size 4 words):
 - private 'kafkaTemplate' 'Lorg/springframework/kafka/core/KafkaTemplate;' @12  a 'org/springframework/kafka/core/KafkaTemplate'{0x00000007063d9a48} (0xe0c7b349)
 - private 'inventoryService' 'Lcom/example/ticket_processing_service/service/InventoryService;' @16  a 'com/example/ticket_processing_service/service/InventoryService'{0x00000007063ecc10} (0xe0c7d982)
 - private 'ticketQueueService' 'Lcom/example/ticket_processing_service/service/TicketQueueService;' @20  a 'com/example/ticket_processing_service/service/TicketQueueService'{0x00000007063ecc70} (0xe0c7d98e)
 - private 'objectMapper' 'Lcom/fasterxml/jackson/databind/ObjectMapper;' @24  a 'com/fasterxml/jackson/databind/ObjectMapper'{0x00000007063fdc78} (0xe0c7fb8f)
stack at sp + 2 slots: 0x000000532e9fe5f8 is pointing into the stack for thread: 0x000001b4e3e23fc0
stack at sp + 3 slots: 0x000001b480728c83 is pointing into metadata
stack at sp + 4 slots: 0x0000000000000005 is an unknown value
stack at sp + 5 slots: 0x000001b4800b1088 is pointing into metadata
stack at sp + 6 slots: 0x000000000000000d is an unknown value
stack at sp + 7 slots: 0x0000000705d82ea8 is an oop: java.lang.Class 
{0x0000000705d82ea8} - klass: 'java/lang/Class'
 - ---- fields (total size 14 words):
 - private volatile transient 'classRedefinedCount' 'I' @12  0 (0x00000000)
 - injected 'klass' 'J' @16  1874753948768 (0x000001b4800b0c60)
 - injected 'array_klass' 'J' @24  0 (0x0000000000000000)
 - injected 'oop_size' 'I' @32  14 (0x0000000e)
 - injected 'static_oop_field_count' 'I' @36  0 (0x00000000)
 - private volatile transient 'cachedConstructor' 'Ljava/lang/reflect/Constructor;' @40  null (0x00000000)
 - private transient 'name' 'Ljava/lang/String;' @44  null (0x00000000)
 - private transient 'module' 'Ljava/lang/Module;' @48  a 'java/lang/Module'{0x0000000705d78708} (0xe0baf0e1)
 - private final 'classLoader' 'Ljava/lang/ClassLoader;' @52  null (0x00000000)
 - private transient 'classData' 'Ljava/lang/Object;' @56  null (0x00000000)
 - private transient 'packageName' 'Ljava/lang/String;' @60  null (0x00000000)
 - private final 'componentType' 'Ljava/lang/Class;' @64  null (0x00000000)
 - private volatile transient 'reflectionData' 'Ljava/lang/ref/SoftReference;' @68  null (0x00000000)
 - private volatile transient 'genericInfo' 'Lsun/reflect/generics/repository/ClassRepository;' @72  null (0x00000000)
 - private volatile transient 'enumConstants' '[Ljava/lang/Object;' @76  null (0x00000000)
 - private volatile transient 'enumConstantDirectory' 'Ljava/util/Map;' @80  null (0x00000000)
 - private volatile transient 'annotationData' 'Ljava/lang/Class$AnnotationData;' @84  null (0x00000000)
 - private volatile transient 'annotationType' 'Lsun/reflect/annotation/AnnotationType;' @88  null (0x00000000)
 - transient 'classValueMap' 'Ljava/lang/ClassValue$ClassValueMap;' @92  null (0x00000000)
 - injected 'protection_domain' 'Ljava/lang/Object;' @96  null (0x00000000)
 - injected 'signers_name' 'Ljava/lang/Object;' @100  null (0x00000000)
 - injected 'source_file' 'Ljava/lang/Object;' @104  null (0x00000000)
 - injected '<init_lock>' 'Ljava/lang/Object;' @108  null (0x00000000)
 - signature: Ljava/lang/invoke/DirectMethodHandle$Holder;
 - ---- static fields (0):

MethodHandle::interpreter_entry::_linkToVirtual [0x000001b4d1900f63, 0x000001b4d1900fca] (103 bytes)
[MachCode]
  0x000001b4d1900f63: 6666 660f | 1f84 0000 | 0000 0066 | 6666 9066 | 660f 1f84 | 0000 0000 | 0066 6666 | 9048 8b53 
  0x000001b4d1900f83: 080f b752 | 2e48 8b0c | d458 5b50 | 448b 5108 | 49bb 0000 | 0080 b401 | 0000 4d03 | d34c 8b5b 
  0x000001b4d1900fa3: 104b 8b9c | dac0 0100 | 0048 85db | 0f84 1000 | 0000 4180 | bfd8 0500 | 0000 7403 | ff63 38ff 
  0x000001b4d1900fc3: 6350 e936 | 
[/MachCode]

---------------  P R O C E S S  ---------------

Threads class SMR info:
_java_thread_list=0x000001b4e15e08b0, length=35, elements={
0x000001b4dc686a80, 0x000001b4dc6897f0, 0x000001b4dc68d920, 0x000001b4dc68e780,
0x000001b4dc69adb0, 0x000001b4dc69b440, 0x000001b4dc6a2a90, 0x000001b4dc699370,
0x000001b4dc84c310, 0x000001b4dc84f6f0, 0x000001b4dc850f40, 0x000001b4dc69bad0,
0x000001b4dc69a090, 0x000001b4dc69a720, 0x000001b4dc698650, 0x000001b4dc699a00,
0x000001b4e1a97c30, 0x000001b4e1a98fe0, 0x000001b4e2a12810, 0x000001b4e2a14f70,
0x000001b4e3e25a00, 0x000001b4e3e23fc0, 0x000001b4e3e24650, 0x000001b4e1a95b60,
0x000001b4e2a16320, 0x000001b4e2a14250, 0x000001b4e2a15c90, 0x000001b4e2a176d0,
0x000001b4e2a197a0, 0x000001b4e2a148e0, 0x000001b4e1a98950, 0x000001b4e4557c60,
0x000001b4e455b770, 0x000001b4e4556220, 0x000001b4e45575d0
}

Java Threads: ( => current thread )
  0x000001b4dc686a80 JavaThread "Reference Handler"          daemon [_thread_blocked, id=27536, stack(0x000000532ae00000,0x000000532af00000) (1024K)]
  0x000001b4dc6897f0 JavaThread "Finalizer"                  daemon [_thread_blocked, id=21768, stack(0x000000532af00000,0x000000532b000000) (1024K)]
  0x000001b4dc68d920 JavaThread "Signal Dispatcher"          daemon [_thread_blocked, id=37684, stack(0x000000532b000000,0x000000532b100000) (1024K)]
  0x000001b4dc68e780 JavaThread "Attach Listener"            daemon [_thread_blocked, id=848, stack(0x000000532b100000,0x000000532b200000) (1024K)]
  0x000001b4dc69adb0 JavaThread "Service Thread"             daemon [_thread_blocked, id=40432, stack(0x000000532b200000,0x000000532b300000) (1024K)]
  0x000001b4dc69b440 JavaThread "Monitor Deflation Thread"   daemon [_thread_blocked, id=22400, stack(0x000000532b300000,0x000000532b400000) (1024K)]
  0x000001b4dc6a2a90 JavaThread "C1 CompilerThread0"         daemon [_thread_blocked, id=20720, stack(0x000000532b400000,0x000000532b500000) (1024K)]
  0x000001b4dc699370 JavaThread "Common-Cleaner"             daemon [_thread_blocked, id=35316, stack(0x000000532b500000,0x000000532b600000) (1024K)]
  0x000001b4dc84c310 JavaThread "JDWP Transport Listener: dt_socket" daemon [_thread_blocked, id=31056, stack(0x000000532b800000,0x000000532b900000) (1024K)]
  0x000001b4dc84f6f0 JavaThread "JDWP Event Helper Thread"   daemon [_thread_blocked, id=24764, stack(0x000000532b900000,0x000000532ba00000) (1024K)]
  0x000001b4dc850f40 JavaThread "JDWP Command Reader"        daemon [_thread_in_native, id=32452, stack(0x000000532ba00000,0x000000532bb00000) (1024K)]
  0x000001b4dc69bad0 JavaThread "Notification Thread"        daemon [_thread_blocked, id=15168, stack(0x000000532bb00000,0x000000532bc00000) (1024K)]
  0x000001b4dc69a090 JavaThread "RMI TCP Accept-0"           daemon [_thread_in_native, id=19896, stack(0x000000532c400000,0x000000532c500000) (1024K)]
  0x000001b4dc69a720 JavaThread "RMI TCP Accept-50877"       daemon [_thread_in_native, id=3012, stack(0x000000532c500000,0x000000532c600000) (1024K)]
  0x000001b4dc698650 JavaThread "RMI TCP Accept-0"           daemon [_thread_in_native, id=36364, stack(0x000000532c600000,0x000000532c700000) (1024K)]
  0x000001b4dc699a00 JavaThread "RMI Scheduler(0)"           daemon [_thread_blocked, id=12596, stack(0x000000532ca00000,0x000000532cb00000) (1024K)]
  0x000001b4e1a97c30 JavaThread "RMI TCP Connection(idle)"   daemon [_thread_blocked, id=34036, stack(0x000000532cb00000,0x000000532cc00000) (1024K)]
  0x000001b4e1a98fe0 JavaThread "JMX server connection timeout 40" daemon [_thread_blocked, id=37980, stack(0x000000532cc00000,0x000000532cd00000) (1024K)]
  0x000001b4e2a12810 JavaThread "Jndi-Dns-address-change-listener" daemon [_thread_in_native, id=10632, stack(0x000000532d400000,0x000000532d500000) (1024K)]
  0x000001b4e2a14f70 JavaThread "BufferPoolPruner-1-thread-1" daemon [_thread_blocked, id=15748, stack(0x000000532d500000,0x000000532d600000) (1024K)]
  0x000001b4e3e25a00 JavaThread "ThreadPoolTaskScheduler-1"         [_thread_blocked, id=31792, stack(0x000000532e800000,0x000000532e900000) (1024K)]
=>0x000001b4e3e23fc0 JavaThread "org.springframework.kafka.KafkaListenerEndpointContainer#0-0-C-1"        [_thread_in_Java, id=21044, stack(0x000000532e900000,0x000000532ea00000) (1024K)]
  0x000001b4e3e24650 JavaThread "DestroyJavaVM"                     [_thread_blocked, id=30388, stack(0x000000532a600000,0x000000532a700000) (1024K)]
  0x000001b4e1a95b60 JavaThread "kafka-coordinator-heartbeat-thread | ticket-processor-group" daemon [_thread_blocked, id=1520, stack(0x000000532a200000,0x000000532a300000) (1024K)]
  0x000001b4e2a16320 JavaThread "AsyncResolver-bootstrap-0"  daemon [_thread_blocked, id=8044, stack(0x000000532e100000,0x000000532e200000) (1024K)]
  0x000001b4e2a14250 JavaThread "DiscoveryClient-0"          daemon [_thread_blocked, id=41748, stack(0x000000532e200000,0x000000532e300000) (1024K)]
  0x000001b4e2a15c90 JavaThread "DiscoveryClient-1"          daemon [_thread_blocked, id=36920, stack(0x000000532e300000,0x000000532e400000) (1024K)]
  0x000001b4e2a176d0 JavaThread "DiscoveryClient-InstanceInfoReplicator-0" daemon [_thread_blocked, id=37632, stack(0x000000532e400000,0x000000532e500000) (1024K)]
  0x000001b4e2a197a0 JavaThread "ThreadPoolTaskScheduler-1"         [_thread_blocked, id=35608, stack(0x000000532e500000,0x000000532e600000) (1024K)]
  0x000001b4e2a148e0 JavaThread "org.springframework.kafka.KafkaListenerEndpointContainer#0-0-C-1"        [_thread_in_Java, id=39264, stack(0x000000532e600000,0x000000532e700000) (1024K)]
  0x000001b4e1a98950 JavaThread "kafka-coordinator-heartbeat-thread | ticket-processor-group" daemon [_thread_blocked, id=15500, stack(0x000000532f300000,0x000000532f400000) (1024K)]
  0x000001b4e4557c60 JavaThread "DiscoveryClient-CacheRefreshExecutor-0" daemon [_thread_blocked, id=36280, stack(0x000000532b700000,0x000000532b800000) (1024K)]
  0x000001b4e455b770 JavaThread "DiscoveryClient-HeartbeatExecutor-0" daemon [_thread_blocked, id=20228, stack(0x000000532cd00000,0x000000532ce00000) (1024K)]
  0x000001b4e4556220 JavaThread "AsyncResolver-bootstrap-executor-0" daemon [_thread_blocked, id=32428, stack(0x000000532a100000,0x000000532a200000) (1024K)]
  0x000001b4e45575d0 JavaThread "Thread-7"                          [_thread_blocked, id=27268, stack(0x000000532a300000,0x000000532a400000) (1024K)]
Total: 35

Other Threads:
  0x000001b4cdfefb40 VMThread "VM Thread"                           [id=35888, stack(0x000000532ad00000,0x000000532ae00000) (1024K)]
  0x000001b4dc67ca00 WatcherThread "VM Periodic Task Thread"        [id=36012, stack(0x000000532ac00000,0x000000532ad00000) (1024K)]
  0x000001b4cde93350 WorkerThread "GC Thread#0"                     [id=32640, stack(0x000000532a700000,0x000000532a800000) (1024K)]
  0x000001b4e15b7fd0 WorkerThread "GC Thread#1"                     [id=1516, stack(0x000000532bd00000,0x000000532be00000) (1024K)]
  0x000001b4e15b8370 WorkerThread "GC Thread#2"                     [id=31544, stack(0x000000532be00000,0x000000532bf00000) (1024K)]
  0x000001b4e15b8710 WorkerThread "GC Thread#3"                     [id=19692, stack(0x000000532bf00000,0x000000532c000000) (1024K)]
  0x000001b4e15b90d0 WorkerThread "GC Thread#4"                     [id=14660, stack(0x000000532c000000,0x000000532c100000) (1024K)]
  0x000001b4e15bb480 WorkerThread "GC Thread#5"                     [id=27504, stack(0x000000532c100000,0x000000532c200000) (1024K)]
  0x000001b4e15ee750 WorkerThread "GC Thread#6"                     [id=16812, stack(0x000000532c200000,0x000000532c300000) (1024K)]
  0x000001b4e15f2b00 WorkerThread "GC Thread#7"                     [id=1808, stack(0x000000532c300000,0x000000532c400000) (1024K)]
  0x000001b4e182a300 WorkerThread "GC Thread#8"                     [id=8428, stack(0x000000532c700000,0x000000532c800000) (1024K)]
  0x000001b4e1829f60 WorkerThread "GC Thread#9"                     [id=24232, stack(0x000000532c800000,0x000000532c900000) (1024K)]
  0x000001b4cd5fea50 ConcurrentGCThread "G1 Main Marker"            [id=24520, stack(0x000000532a800000,0x000000532a900000) (1024K)]
  0x000001b4cdedd400 WorkerThread "G1 Conc#0"                       [id=23896, stack(0x000000532a900000,0x000000532aa00000) (1024K)]
  0x000001b4e18289a0 WorkerThread "G1 Conc#1"                       [id=13252, stack(0x000000532d000000,0x000000532d100000) (1024K)]
  0x000001b4e1828d40 WorkerThread "G1 Conc#2"                       [id=36480, stack(0x000000532d100000,0x000000532d200000) (1024K)]
  0x000001b4cdf86520 ConcurrentGCThread "G1 Refine#0"               [id=39284, stack(0x000000532aa00000,0x000000532ab00000) (1024K)]
  0x000001b4cdf86e40 ConcurrentGCThread "G1 Service"                [id=16616, stack(0x000000532ab00000,0x000000532ac00000) (1024K)]
Total: 18

Threads with active compile tasks:
Total: 0

VM state: not at safepoint (normal execution)

VM Mutex/Monitor currently owned by a thread: None

Heap address: 0x0000000705a00000, size: 4006 MB, Compressed Oops mode: Zero based, Oop shift amount: 3

CDS archive(s) mapped at: [0x000001b480000000-0x000001b480c80000-0x000001b480c80000), size 13107200, SharedBaseAddress: 0x000001b480000000, ArchiveRelocationMode: 1.
Compressed class space mapped at: 0x000001b481000000-0x000001b4c1000000, reserved size: 1073741824
Narrow klass base: 0x000001b480000000, Narrow klass shift: 0, Narrow klass range: 0x100000000

GC Precious Log:
 CardTable entry size: 512
 Card Set container configuration: InlinePtr #cards 4 size 8 Array Of Cards #cards 16 size 48 Howl #buckets 8 coarsen threshold 3686 Howl Bitmap #cards 512 size 80 coarsen threshold 460 Card regions per heap region 1 cards per card region 4096
 CPUs: 12 total, 12 available
 Memory: 16016M
 Large Page Support: Disabled
 NUMA Support: Disabled
 Compressed Oops: Enabled (Zero based)
 Heap Region Size: 2M
 Heap Min Capacity: 8M
 Heap Initial Capacity: 252M
 Heap Max Capacity: 4006M
 Pre-touch: Disabled
 Parallel Workers: 10
 Concurrent Workers: 3
 Concurrent Refinement Workers: 10
 Periodic GC: Disabled

Heap:
 garbage-first heap   total 86016K, used 38965K [0x0000000705a00000, 0x0000000800000000)
  region size 2048K, 2 young (4096K), 1 survivors (2048K)
 Metaspace       used 68782K, committed 69504K, reserved 1114112K
  class space    used 9023K, committed 9344K, reserved 1048576K

Heap Regions: E=young(eden), S=young(survivor), O=old, HS=humongous(starts), HC=humongous(continues), CS=collection set, F=free, TAMS=top-at-mark-start, PB=parsable bottom
|   0|0x0000000705a00000, 0x0000000705c00000, 0x0000000705c00000|100%| O|  |TAMS 0x0000000705a00000| PB 0x0000000705a00000| Untracked 
|   1|0x0000000705c00000, 0x0000000705dffff0, 0x0000000705e00000| 99%| O|  |TAMS 0x0000000705c00000| PB 0x0000000705c00000| Untracked 
|   2|0x0000000705e00000, 0x0000000706000000, 0x0000000706000000|100%| O|  |TAMS 0x0000000705e00000| PB 0x0000000705e00000| Untracked 
|   3|0x0000000706000000, 0x00000007061fffe0, 0x0000000706200000| 99%| O|  |TAMS 0x0000000706000000| PB 0x0000000706000000| Untracked 
|   4|0x0000000706200000, 0x00000007063ffff0, 0x0000000706400000| 99%| O|  |TAMS 0x0000000706200000| PB 0x0000000706200000| Untracked 
|   5|0x0000000706400000, 0x00000007065fff98, 0x0000000706600000| 99%| O|  |TAMS 0x0000000706400000| PB 0x0000000706400000| Untracked 
|   6|0x0000000706600000, 0x00000007067fad28, 0x0000000706800000| 98%| O|  |TAMS 0x0000000706600000| PB 0x0000000706600000| Untracked 
|   7|0x0000000706800000, 0x00000007069ffe08, 0x0000000706a00000| 99%| O|  |TAMS 0x0000000706800000| PB 0x0000000706800000| Untracked 
|   8|0x0000000706a00000, 0x0000000706bffff0, 0x0000000706c00000| 99%| O|  |TAMS 0x0000000706a00000| PB 0x0000000706a00000| Untracked 
|   9|0x0000000706c00000, 0x0000000706e00000, 0x0000000706e00000|100%| O|  |TAMS 0x0000000706c00000| PB 0x0000000706c00000| Untracked 
|  10|0x0000000706e00000, 0x0000000706ffffc0, 0x0000000707000000| 99%| O|  |TAMS 0x0000000706e00000| PB 0x0000000706e00000| Untracked 
|  11|0x0000000707000000, 0x00000007071fd118, 0x0000000707200000| 99%| O|  |TAMS 0x0000000707000000| PB 0x0000000707000000| Untracked 
|  12|0x0000000707200000, 0x00000007073ffff0, 0x0000000707400000| 99%| O|  |TAMS 0x0000000707200000| PB 0x0000000707200000| Untracked 
|  13|0x0000000707400000, 0x00000007074bc950, 0x0000000707600000| 36%| O|  |TAMS 0x0000000707400000| PB 0x0000000707400000| Untracked 
|  14|0x0000000707600000, 0x0000000707753c08, 0x0000000707800000| 66%| O|  |TAMS 0x0000000707600000| PB 0x0000000707600000| Untracked 
|  15|0x0000000707800000, 0x0000000707a00000, 0x0000000707a00000|100%| O|  |TAMS 0x0000000707800000| PB 0x0000000707800000| Untracked 
|  16|0x0000000707a00000, 0x0000000707a00000, 0x0000000707c00000|  0%| F|  |TAMS 0x0000000707a00000| PB 0x0000000707a00000| Untracked 
|  17|0x0000000707c00000, 0x0000000707d0a950, 0x0000000707e00000| 52%| O|  |TAMS 0x0000000707c00000| PB 0x0000000707c00000| Untracked 
|  18|0x0000000707e00000, 0x0000000707e00000, 0x0000000708000000|  0%| F|  |TAMS 0x0000000707e00000| PB 0x0000000707e00000| Untracked 
|  19|0x0000000708000000, 0x0000000708200000, 0x0000000708200000|100%| O|  |TAMS 0x0000000708000000| PB 0x0000000708000000| Untracked 
|  20|0x0000000708200000, 0x0000000708400000, 0x0000000708400000|100%| O|  |TAMS 0x0000000708200000| PB 0x0000000708200000| Untracked 
|  21|0x0000000708400000, 0x0000000708600000, 0x0000000708600000|100%| O|  |TAMS 0x0000000708400000| PB 0x0000000708400000| Untracked 
|  22|0x0000000708600000, 0x0000000708600000, 0x0000000708800000|  0%| F|  |TAMS 0x0000000708600000| PB 0x0000000708600000| Untracked 
|  23|0x0000000708800000, 0x0000000708800000, 0x0000000708a00000|  0%| F|  |TAMS 0x0000000708800000| PB 0x0000000708800000| Untracked 
|  24|0x0000000708a00000, 0x0000000708a00000, 0x0000000708c00000|  0%| F|  |TAMS 0x0000000708a00000| PB 0x0000000708a00000| Untracked 
|  25|0x0000000708c00000, 0x0000000708c00000, 0x0000000708e00000|  0%| F|  |TAMS 0x0000000708c00000| PB 0x0000000708c00000| Untracked 
|  26|0x0000000708e00000, 0x0000000708e00000, 0x0000000709000000|  0%| F|  |TAMS 0x0000000708e00000| PB 0x0000000708e00000| Untracked 
|  27|0x0000000709000000, 0x00000007090fac98, 0x0000000709200000| 48%| S|CS|TAMS 0x0000000709000000| PB 0x0000000709000000| Complete 
|  28|0x0000000709200000, 0x0000000709200000, 0x0000000709400000|  0%| F|  |TAMS 0x0000000709200000| PB 0x0000000709200000| Untracked 
|  29|0x0000000709400000, 0x0000000709400000, 0x0000000709600000|  0%| F|  |TAMS 0x0000000709400000| PB 0x0000000709400000| Untracked 
|  30|0x0000000709600000, 0x0000000709600000, 0x0000000709800000|  0%| F|  |TAMS 0x0000000709600000| PB 0x0000000709600000| Untracked 
|  31|0x0000000709800000, 0x0000000709800000, 0x0000000709a00000|  0%| F|  |TAMS 0x0000000709800000| PB 0x0000000709800000| Untracked 
|  32|0x0000000709a00000, 0x0000000709a00000, 0x0000000709c00000|  0%| F|  |TAMS 0x0000000709a00000| PB 0x0000000709a00000| Untracked 
|  33|0x0000000709c00000, 0x0000000709c00000, 0x0000000709e00000|  0%| F|  |TAMS 0x0000000709c00000| PB 0x0000000709c00000| Untracked 
|  34|0x0000000709e00000, 0x0000000709e00000, 0x000000070a000000|  0%| F|  |TAMS 0x0000000709e00000| PB 0x0000000709e00000| Untracked 
|  35|0x000000070a000000, 0x000000070a000000, 0x000000070a200000|  0%| F|  |TAMS 0x000000070a000000| PB 0x000000070a000000| Untracked 
|  36|0x000000070a200000, 0x000000070a200000, 0x000000070a400000|  0%| F|  |TAMS 0x000000070a200000| PB 0x000000070a200000| Untracked 
|  37|0x000000070a400000, 0x000000070a400000, 0x000000070a600000|  0%| F|  |TAMS 0x000000070a400000| PB 0x000000070a400000| Untracked 
|  41|0x000000070ac00000, 0x000000070ac00000, 0x000000070ae00000|  0%| F|  |TAMS 0x000000070ac00000| PB 0x000000070ac00000| Untracked 
|  42|0x000000070ae00000, 0x000000070ae00000, 0x000000070b000000|  0%| F|  |TAMS 0x000000070ae00000| PB 0x000000070ae00000| Untracked 
|  43|0x000000070b000000, 0x000000070b000000, 0x000000070b200000|  0%| F|  |TAMS 0x000000070b000000| PB 0x000000070b000000| Untracked 
| 125|0x0000000715400000, 0x000000071548bad0, 0x0000000715600000| 27%| E|  |TAMS 0x0000000715400000| PB 0x0000000715400000| Complete 

Card table byte_map: [0x000001b4d53e0000,0x000001b4d5bc0000] _byte_map_base: 0x000001b4d1bb3000

Marking Bits: (CMBitMap*) 0x000001b4cde93800
 Bits: [0x000001b4d5bc0000, 0x000001b4d9a58000)

Polling page: 0x000001b4cd600000

Metaspace:

Usage:
  Non-class:     58.36 MB used.
      Class:      8.81 MB used.
       Both:     67.17 MB used.

Virtual space:
  Non-class space:       64.00 MB reserved,      58.75 MB ( 92%) committed,  1 nodes.
      Class space:        1.00 GB reserved,       9.12 MB ( <1%) committed,  1 nodes.
             Both:        1.06 GB reserved,      67.88 MB (  6%) committed. 

Chunk freelists:
   Non-Class:  5.22 MB
       Class:  6.89 MB
        Both:  12.11 MB

MaxMetaspaceSize: unlimited
CompressedClassSpaceSize: 1.00 GB
Initial GC threshold: 21.00 MB
Current GC threshold: 112.31 MB
CDS: on
 - commit_granule_bytes: 65536.
 - commit_granule_words: 8192.
 - virtual_space_node_default_size: 8388608.
 - enlarge_chunks_in_place: 1.
 - use_allocation_guard: 0.


Internal statistics:

num_allocs_failed_limit: 6.
num_arena_births: 1324.
num_arena_deaths: 408.
num_vsnodes_births: 2.
num_vsnodes_deaths: 0.
num_space_committed: 1086.
num_space_uncommitted: 0.
num_chunks_returned_to_freelist: 472.
num_chunks_taken_from_freelist: 3708.
num_chunk_merges: 121.
num_chunk_splits: 2524.
num_chunks_enlarged: 1996.
num_inconsistent_stats: 0.

CodeCache: size=49152Kb used=17031Kb max_used=18416Kb free=32120Kb
 bounds [0x000001b4d18d0000, 0x000001b4d2ad0000, 0x000001b4d48d0000]
 total_blobs=9260 nmethods=8483 adapters=701
 compilation: enabled
              stopped_count=0, restarted_count=0
 full_count=0

Compilation events (20 events):
Event: 2187.275 Thread 0x000001b4dc6a2a90 10836       1       com.fasterxml.jackson.core.json.JsonWriteContext::writeFieldName (56 bytes)
Event: 2187.276 Thread 0x000001b4dc6a2a90 nmethod 10836 0x000001b4d28e5590 code [0x000001b4d28e5740, 0x000001b4d28e5910]
Event: 2187.283 Thread 0x000001b4dc6a2a90 10837       1       java.text.DateFormatSymbols::getProviderInstance (37 bytes)
Event: 2187.284 Thread 0x000001b4dc6a2a90 nmethod 10837 0x000001b4d28e4f10 code [0x000001b4d28e5100, 0x000001b4d28e5368]
Event: 2187.284 Thread 0x000001b4dc6a2a90 10838       1       sun.util.locale.provider.DateFormatSymbolsProviderImpl::getInstance (21 bytes)
Event: 2187.284 Thread 0x000001b4dc6a2a90 nmethod 10838 0x000001b4d28e4a10 code [0x000001b4d28e4be0, 0x000001b4d28e4df8]
Event: 2187.284 Thread 0x000001b4dc6a2a90 10839       1       java.text.DateFormatSymbols::<init> (60 bytes)
Event: 2187.284 Thread 0x000001b4dc6a2a90 nmethod 10839 0x000001b4d28e4510 code [0x000001b4d28e46c0, 0x000001b4d28e4988]
Event: 2187.284 Thread 0x000001b4dc6a2a90 10840       1       java.text.DateFormatSymbols::initializeData (341 bytes)
Event: 2187.289 Thread 0x000001b4dc6a2a90 nmethod 10840 0x000001b4d28e2010 code [0x000001b4d28e2420, 0x000001b4d28e39e0]
Event: 2187.289 Thread 0x000001b4dc6a2a90 10842       1       org.apache.tomcat.util.net.Acceptor::getState (5 bytes)
Event: 2187.289 Thread 0x000001b4dc6a2a90 nmethod 10842 0x000001b4d28e1d10 code [0x000001b4d28e1ea0, 0x000001b4d28e1f70]
Event: 2187.289 Thread 0x000001b4dc6a2a90 10841       1       java.text.DateFormatSymbols::copyMembers (160 bytes)
Event: 2187.290 Thread 0x000001b4dc6a2a90 nmethod 10841 0x000001b4d28e0f10 code [0x000001b4d28e1140, 0x000001b4d28e19d8]
Event: 2187.295 Thread 0x000001b4dc6a2a90 10843       1       java.lang.ThreadGroup::parentOf (21 bytes)
Event: 2187.295 Thread 0x000001b4dc6a2a90 nmethod 10843 0x000001b4d28e0b90 code [0x000001b4d28e0d40, 0x000001b4d28e0e70]
Event: 2217.308 Thread 0x000001b4dc6a2a90 10844   !   1       org.springframework.beans.factory.support.DefaultSingletonBeanRegistry::destroyBean (385 bytes)
Event: 2217.311 Thread 0x000001b4dc6a2a90 nmethod 10844 0x000001b4d28deb10 code [0x000001b4d28def40, 0x000001b4d28e00d0]
Event: 2217.906 Thread 0x000001b4dc6a2a90 10845       1       java.lang.invoke.LambdaFormEditor::filterReturnForm (383 bytes)
Event: 2217.910 Thread 0x000001b4dc6a2a90 nmethod 10845 0x000001b4d28dc310 code [0x000001b4d28dc6e0, 0x000001b4d28ddae0]

GC Heap History (20 events):
Event: 6.183 GC heap before
{Heap before GC invocations=22 (full 0):
 garbage-first heap   total 86016K, used 71044K [0x0000000705a00000, 0x0000000800000000)
  region size 2048K, 18 young (36864K), 2 survivors (4096K)
 Metaspace       used 63636K, committed 64320K, reserved 1114112K
  class space    used 8275K, committed 8576K, reserved 1048576K
}
Event: 6.185 GC heap after
{Heap after GC invocations=23 (full 0):
 garbage-first heap   total 86016K, used 40550K [0x0000000705a00000, 0x0000000800000000)
  region size 2048K, 2 young (4096K), 2 survivors (4096K)
 Metaspace       used 63636K, committed 64320K, reserved 1114112K
  class space    used 8275K, committed 8576K, reserved 1048576K
}
Event: 150.538 GC heap before
{Heap before GC invocations=23 (full 0):
 garbage-first heap   total 86016K, used 73318K [0x0000000705a00000, 0x0000000800000000)
  region size 2048K, 18 young (36864K), 2 survivors (4096K)
 Metaspace       used 65346K, committed 66048K, reserved 1114112K
  class space    used 8560K, committed 8832K, reserved 1048576K
}
Event: 150.541 GC heap after
{Heap after GC invocations=24 (full 0):
 garbage-first heap   total 86016K, used 39151K [0x0000000705a00000, 0x0000000800000000)
  region size 2048K, 2 young (4096K), 2 survivors (4096K)
 Metaspace       used 65346K, committed 66048K, reserved 1114112K
  class space    used 8560K, committed 8832K, reserved 1048576K
}
Event: 270.049 GC heap before
{Heap before GC invocations=24 (full 0):
 garbage-first heap   total 86016K, used 71919K [0x0000000705a00000, 0x0000000800000000)
  region size 2048K, 19 young (38912K), 2 survivors (4096K)
 Metaspace       used 67942K, committed 68672K, reserved 1114112K
  class space    used 8900K, committed 9216K, reserved 1048576K
}
Event: 270.057 GC heap after
{Heap after GC invocations=25 (full 0):
 garbage-first heap   total 86016K, used 39763K [0x0000000705a00000, 0x0000000800000000)
  region size 2048K, 2 young (4096K), 2 survivors (4096K)
 Metaspace       used 67942K, committed 68672K, reserved 1114112K
  class space    used 8900K, committed 9216K, reserved 1048576K
}
Event: 608.810 GC heap before
{Heap before GC invocations=25 (full 0):
 garbage-first heap   total 86016K, used 74579K [0x0000000705a00000, 0x0000000800000000)
  region size 2048K, 19 young (38912K), 2 survivors (4096K)
 Metaspace       used 68252K, committed 68992K, reserved 1114112K
  class space    used 8945K, committed 9280K, reserved 1048576K
}
Event: 608.818 GC heap after
{Heap after GC invocations=26 (full 0):
 garbage-first heap   total 86016K, used 40065K [0x0000000705a00000, 0x0000000800000000)
  region size 2048K, 2 young (4096K), 2 survivors (4096K)
 Metaspace       used 68252K, committed 68992K, reserved 1114112K
  class space    used 8945K, committed 9280K, reserved 1048576K
}
Event: 1009.407 GC heap before
{Heap before GC invocations=27 (full 0):
 garbage-first heap   total 86016K, used 72833K [0x0000000705a00000, 0x0000000800000000)
  region size 2048K, 18 young (36864K), 2 survivors (4096K)
 Metaspace       used 67947K, committed 68992K, reserved 1114112K
  class space    used 8868K, committed 9280K, reserved 1048576K
}
Event: 1009.416 GC heap after
{Heap after GC invocations=28 (full 0):
 garbage-first heap   total 86016K, used 40264K [0x0000000705a00000, 0x0000000800000000)
  region size 2048K, 2 young (4096K), 2 survivors (4096K)
 Metaspace       used 67947K, committed 68992K, reserved 1114112K
  class space    used 8868K, committed 9280K, reserved 1048576K
}
Event: 1643.564 GC heap before
{Heap before GC invocations=28 (full 0):
 garbage-first heap   total 86016K, used 73032K [0x0000000705a00000, 0x0000000800000000)
  region size 2048K, 18 young (36864K), 2 survivors (4096K)
 Metaspace       used 67960K, committed 68992K, reserved 1114112K
  class space    used 8871K, committed 9280K, reserved 1048576K
}
Event: 1643.579 GC heap after
{Heap after GC invocations=29 (full 0):
 garbage-first heap   total 86016K, used 36623K [0x0000000705a00000, 0x0000000800000000)
  region size 2048K, 2 young (4096K), 2 survivors (4096K)
 Metaspace       used 67960K, committed 68992K, reserved 1114112K
  class space    used 8871K, committed 9280K, reserved 1048576K
}
Event: 1756.589 GC heap before
{Heap before GC invocations=29 (full 0):
 garbage-first heap   total 86016K, used 46863K [0x0000000705a00000, 0x0000000800000000)
  region size 2048K, 8 young (16384K), 2 survivors (4096K)
 Metaspace       used 68268K, committed 69056K, reserved 1114112K
  class space    used 8936K, committed 9280K, reserved 1048576K
}
Event: 1756.692 GC heap after
{Heap after GC invocations=30 (full 1):
 garbage-first heap   total 86016K, used 29143K [0x0000000705a00000, 0x0000000800000000)
  region size 2048K, 0 young (0K), 0 survivors (0K)
 Metaspace       used 68190K, committed 69056K, reserved 1114112K
  class space    used 8917K, committed 9280K, reserved 1048576K
}
Event: 1760.814 GC heap before
{Heap before GC invocations=30 (full 1):
 garbage-first heap   total 86016K, used 76247K [0x0000000705a00000, 0x0000000800000000)
  region size 2048K, 23 young (47104K), 0 survivors (0K)
 Metaspace       used 68350K, committed 69056K, reserved 1114112K
  class space    used 8952K, committed 9280K, reserved 1048576K
}
Event: 1760.820 GC heap after
{Heap after GC invocations=31 (full 1):
 garbage-first heap   total 86016K, used 33912K [0x0000000705a00000, 0x0000000800000000)
  region size 2048K, 3 young (6144K), 3 survivors (6144K)
 Metaspace       used 68350K, committed 69056K, reserved 1114112K
  class space    used 8952K, committed 9280K, reserved 1048576K
}
Event: 1762.600 GC heap before
{Heap before GC invocations=32 (full 1):
 garbage-first heap   total 86016K, used 68728K [0x0000000705a00000, 0x0000000800000000)
  region size 2048K, 20 young (40960K), 3 survivors (6144K)
 Metaspace       used 68746K, committed 69504K, reserved 1114112K
  class space    used 9019K, committed 9344K, reserved 1048576K
}
Event: 1762.613 GC heap after
{Heap after GC invocations=33 (full 1):
 garbage-first heap   total 86016K, used 38794K [0x0000000705a00000, 0x0000000800000000)
  region size 2048K, 3 young (6144K), 3 survivors (6144K)
 Metaspace       used 68746K, committed 69504K, reserved 1114112K
  class space    used 9019K, committed 9344K, reserved 1048576K
}
Event: 2217.320 GC heap before
{Heap before GC invocations=33 (full 1):
 garbage-first heap   total 86016K, used 67466K [0x0000000705a00000, 0x0000000800000000)
  region size 2048K, 17 young (34816K), 3 survivors (6144K)
 Metaspace       used 68761K, committed 69504K, reserved 1114112K
  class space    used 9022K, committed 9344K, reserved 1048576K
}
Event: 2217.325 GC heap after
{Heap after GC invocations=34 (full 1):
 garbage-first heap   total 86016K, used 38965K [0x0000000705a00000, 0x0000000800000000)
  region size 2048K, 1 young (2048K), 1 survivors (2048K)
 Metaspace       used 68761K, committed 69504K, reserved 1114112K
  class space    used 9022K, committed 9344K, reserved 1048576K
}

Dll operation events (12 events):
Event: 0.018 Loaded shared library C:\Users\Wanve.abhishek\Desktop\sts-4.29.0.RELEASE\plugins\org.eclipse.justj.openjdk.hotspot.jre.full.win32.x86_64_21.0.6.v20250130-0529\jre\bin\java.dll
Event: 0.050 Loaded shared library C:\Users\Wanve.abhishek\Desktop\sts-4.29.0.RELEASE\plugins\org.eclipse.justj.openjdk.hotspot.jre.full.win32.x86_64_21.0.6.v20250130-0529\jre\bin\zip.dll
Event: 0.325 Loaded shared library C:\Users\Wanve.abhishek\Desktop\sts-4.29.0.RELEASE\plugins\org.eclipse.justj.openjdk.hotspot.jre.full.win32.x86_64_21.0.6.v20250130-0529\jre\bin\instrument.dll
Event: 0.330 Loaded shared library C:\Users\Wanve.abhishek\Desktop\sts-4.29.0.RELEASE\plugins\org.eclipse.justj.openjdk.hotspot.jre.full.win32.x86_64_21.0.6.v20250130-0529\jre\bin\net.dll
Event: 0.332 Loaded shared library C:\Users\Wanve.abhishek\Desktop\sts-4.29.0.RELEASE\plugins\org.eclipse.justj.openjdk.hotspot.jre.full.win32.x86_64_21.0.6.v20250130-0529\jre\bin\nio.dll
Event: 0.335 Loaded shared library C:\Users\Wanve.abhishek\Desktop\sts-4.29.0.RELEASE\plugins\org.eclipse.justj.openjdk.hotspot.jre.full.win32.x86_64_21.0.6.v20250130-0529\jre\bin\zip.dll
Event: 0.461 Loaded shared library C:\Users\Wanve.abhishek\Desktop\sts-4.29.0.RELEASE\plugins\org.eclipse.justj.openjdk.hotspot.jre.full.win32.x86_64_21.0.6.v20250130-0529\jre\bin\jimage.dll
Event: 0.510 Loaded shared library C:\Users\Wanve.abhishek\Desktop\sts-4.29.0.RELEASE\plugins\org.eclipse.justj.openjdk.hotspot.jre.full.win32.x86_64_21.0.6.v20250130-0529\jre\bin\management.dll
Event: 0.521 Loaded shared library C:\Users\Wanve.abhishek\Desktop\sts-4.29.0.RELEASE\plugins\org.eclipse.justj.openjdk.hotspot.jre.full.win32.x86_64_21.0.6.v20250130-0529\jre\bin\management_ext.dll
Event: 0.688 Loaded shared library C:\Users\Wanve.abhishek\Desktop\sts-4.29.0.RELEASE\plugins\org.eclipse.justj.openjdk.hotspot.jre.full.win32.x86_64_21.0.6.v20250130-0529\jre\bin\extnet.dll
Event: 0.710 Loaded shared library C:\Users\Wanve.abhishek\Desktop\sts-4.29.0.RELEASE\plugins\org.eclipse.justj.openjdk.hotspot.jre.full.win32.x86_64_21.0.6.v20250130-0529\jre\bin\verify.dll
Event: 3.031 Loaded shared library C:\Users\Wanve.abhishek\Desktop\sts-4.29.0.RELEASE\plugins\org.eclipse.justj.openjdk.hotspot.jre.full.win32.x86_64_21.0.6.v20250130-0529\jre\bin\sunmscapi.dll

Deoptimization events (20 events):
Event: 2217.799 Thread 0x000001b4e3e20b40 DEOPT PACKING pc=0x000001b4d284387c sp=0x000000532d7fec20
Event: 2217.799 Thread 0x000001b4e3e20b40 DEOPT UNPACKING pc=0x000001b4d1924e42 sp=0x000000532d7fe158 mode 1
Event: 2217.799 Thread 0x000001b4e3e20b40 DEOPT PACKING pc=0x000001b4d27a4edc sp=0x000000532d7fed10
Event: 2217.799 Thread 0x000001b4e3e20b40 DEOPT UNPACKING pc=0x000001b4d1924e42 sp=0x000000532d7fe3a0 mode 1
Event: 2217.905 Thread 0x000001b4e3e21860 DEOPT PACKING pc=0x000001b4d20e89b4 sp=0x000000532d8ff360
Event: 2217.905 Thread 0x000001b4e3e21860 DEOPT UNPACKING pc=0x000001b4d1924e42 sp=0x000000532d8fe838 mode 1
Event: 2217.905 Thread 0x000001b4e3e21860 DEOPT PACKING pc=0x000001b4d2002a9c sp=0x000000532d8ff410
Event: 2217.905 Thread 0x000001b4e3e21860 DEOPT UNPACKING pc=0x000001b4d1924e42 sp=0x000000532d8fe890 mode 1
Event: 2217.906 Thread 0x000001b4e2a176d0 DEOPT PACKING pc=0x000001b4d1cb18ec sp=0x000000532e4ff2b0
Event: 2217.906 Thread 0x000001b4e2a176d0 DEOPT UNPACKING pc=0x000001b4d1924e42 sp=0x000000532e4fe840 mode 1
Event: 2217.906 Thread 0x000001b4e2a176d0 DEOPT PACKING pc=0x000001b4d1b2e894 sp=0x000000532e4ff440
Event: 2217.906 Thread 0x000001b4e2a176d0 DEOPT UNPACKING pc=0x000001b4d1924e42 sp=0x000000532e4fe998 mode 1
Event: 2217.906 Thread 0x000001b4e2a176d0 DEOPT PACKING pc=0x000001b4d1b2e08c sp=0x000000532e4ff570
Event: 2217.906 Thread 0x000001b4e2a176d0 DEOPT UNPACKING pc=0x000001b4d1924e42 sp=0x000000532e4fea00 mode 1
Event: 2217.907 Thread 0x000001b4e2a176d0 DEOPT PACKING pc=0x000001b4d2781f1c sp=0x000000532e4ff5a0
Event: 2217.907 Thread 0x000001b4e2a176d0 DEOPT UNPACKING pc=0x000001b4d1924e42 sp=0x000000532e4feaa0 mode 1
Event: 2219.429 Thread 0x000001b4e3e23fc0 DEOPT PACKING pc=0x000001b4d2744c3c sp=0x000000532e9fe600
Event: 2219.429 Thread 0x000001b4e3e23fc0 DEOPT UNPACKING pc=0x000001b4d1924e42 sp=0x000000532e9fdaa8 mode 0
Event: 2219.432 Thread 0x000001b4e2a148e0 DEOPT PACKING pc=0x000001b4d2744c3c sp=0x000000532e6fe770
Event: 2219.432 Thread 0x000001b4e2a148e0 DEOPT UNPACKING pc=0x000001b4d1924e42 sp=0x000000532e6fdc18 mode 0

Classes loaded (20 events):
Event: 1753.278 Loading class sun/security/ssl/Alert
Event: 1753.279 Loading class sun/security/ssl/Alert done
Event: 1753.280 Loading class sun/security/ssl/Alert$AlertConsumer
Event: 1753.280 Loading class sun/security/ssl/Alert$AlertConsumer done
Event: 1753.280 Loading class sun/security/ssl/Alert$Level
Event: 1753.281 Loading class sun/security/ssl/Alert$Level done
Event: 1753.282 Loading class sun/net/ConnectionResetException
Event: 1753.283 Loading class sun/net/ConnectionResetException done
Event: 1756.692 Loading class java/lang/ref/Finalizer$2
Event: 1756.693 Loading class java/lang/ref/Finalizer$2 done
Event: 1756.693 Loading class java/lang/ref/Finalizer$1
Event: 1756.694 Loading class java/lang/ref/Finalizer$1 done
Event: 1760.738 Loading class java/lang/ObjectCustomizer
Event: 1760.738 Loading class java/lang/ObjectCustomizer done
Event: 1760.738 Loading class java/lang/ObjectCustomizer
Event: 1760.738 Loading class java/lang/ObjectCustomizer done
Event: 1761.380 Loading class java/time/DurationEditor
Event: 1761.380 Loading class java/time/DurationEditor done
Event: 1761.447 Loading class sun/util/resources/ParallelListResourceBundle
Event: 1761.447 Loading class sun/util/resources/ParallelListResourceBundle done

Classes unloaded (20 events):
Event: 1756.618 Thread 0x000001b4cdfefb40 Unloading class 0x000001b4817df800 'java/lang/invoke/LambdaForm$BMH+0x000001b4817df800'
Event: 1756.618 Thread 0x000001b4cdfefb40 Unloading class 0x000001b4817df400 'java/lang/invoke/LambdaForm$DMH+0x000001b4817df400'
Event: 1756.618 Thread 0x000001b4cdfefb40 Unloading class 0x000001b4817df000 'java/lang/invoke/LambdaForm$DMH+0x000001b4817df000'
Event: 1756.618 Thread 0x000001b4cdfefb40 Unloading class 0x000001b4817dec00 'java/lang/invoke/LambdaForm$MH+0x000001b4817dec00'
Event: 1756.618 Thread 0x000001b4cdfefb40 Unloading class 0x000001b4817de800 'java/lang/invoke/LambdaForm$MH+0x000001b4817de800'
Event: 1756.618 Thread 0x000001b4cdfefb40 Unloading class 0x000001b4817de400 'java/lang/invoke/LambdaForm$MH+0x000001b4817de400'
Event: 1756.618 Thread 0x000001b4cdfefb40 Unloading class 0x000001b4817de000 'java/lang/invoke/LambdaForm$MH+0x000001b4817de000'
Event: 1756.618 Thread 0x000001b4cdfefb40 Unloading class 0x000001b4817ddc00 'java/lang/invoke/LambdaForm$BMH+0x000001b4817ddc00'
Event: 1756.618 Thread 0x000001b4cdfefb40 Unloading class 0x000001b4817dd800 'java/lang/invoke/LambdaForm$DMH+0x000001b4817dd800'
Event: 1756.618 Thread 0x000001b4cdfefb40 Unloading class 0x000001b4817dd400 'java/lang/invoke/LambdaForm$DMH+0x000001b4817dd400'
Event: 1756.618 Thread 0x000001b4cdfefb40 Unloading class 0x000001b4817dd000 'java/lang/invoke/LambdaForm$MH+0x000001b4817dd000'
Event: 1756.618 Thread 0x000001b4cdfefb40 Unloading class 0x000001b4817dcc00 'java/lang/invoke/LambdaForm$MH+0x000001b4817dcc00'
Event: 1756.618 Thread 0x000001b4cdfefb40 Unloading class 0x000001b4817dc800 'java/lang/invoke/LambdaForm$MH+0x000001b4817dc800'
Event: 1756.618 Thread 0x000001b4cdfefb40 Unloading class 0x000001b4817dc400 'java/lang/invoke/LambdaForm$MH+0x000001b4817dc400'
Event: 1756.618 Thread 0x000001b4cdfefb40 Unloading class 0x000001b4817dc000 'java/lang/invoke/LambdaForm$MH+0x000001b4817dc000'
Event: 1756.618 Thread 0x000001b4cdfefb40 Unloading class 0x000001b481439000 'java/lang/invoke/LambdaForm$MH+0x000001b481439000'
Event: 1756.618 Thread 0x000001b4cdfefb40 Unloading class 0x000001b481438000 'java/lang/invoke/LambdaForm$DMH+0x000001b481438000'
Event: 1760.876 Thread 0x000001b4cdfefb40 Unloading class 0x000001b4816d4000 'java/lang/invoke/LambdaForm$MH+0x000001b4816d4000'
Event: 1760.876 Thread 0x000001b4cdfefb40 Unloading class 0x000001b4816e8400 'java/lang/invoke/LambdaForm$MH+0x000001b4816e8400'
Event: 1760.876 Thread 0x000001b4cdfefb40 Unloading class 0x000001b481724400 'java/lang/invoke/LambdaForm$BMH+0x000001b481724400'

Classes redefined (2 events):
Event: 2219.489 Thread 0x000001b4cdfefb40 redefined class name=com.example.ticket_processing_service.service.TicketProcessor, count=1
Event: 2219.489 Thread 0x000001b4cdfefb40 redefined class name=com.example.ticket_processing_service.service.TicketProcessor, count=1

Internal exceptions (20 events):
Event: 1760.113 Thread 0x000001b4e3e1f100 Exception <a 'java/io/FileNotFoundException'{0x0000000708789580}> (0x0000000708789580) 
thrown [s\src\hotspot\share\prims\jni.cpp, line 520]
Event: 1760.379 Thread 0x000001b4e3e1f100 Exception <a 'java/io/FileNotFoundException'{0x0000000708294d48}> (0x0000000708294d48) 
thrown [s\src\hotspot\share\prims\jni.cpp, line 520]
Event: 1760.738 Thread 0x000001b4e3e1f100 Exception <a 'java/lang/ClassNotFoundException'{0x00000007080e4a78}: java/lang/ObjectCustomizer> (0x00000007080e4a78) 
thrown [s\src\hotspot\share\classfile\systemDictionary.cpp, line 312]
Event: 1760.742 Thread 0x000001b4e3e1f100 Exception <a 'java/lang/ClassNotFoundException'{0x00000007080efc30}: com/example/ticket_processing_service/dto/ConcertCustomizer> (0x00000007080efc30) 
thrown [s\src\hotspot\share\classfile\systemDictionary.cpp, line 312]
Event: 1760.847 Thread 0x000001b4e3e1f100 Exception <a 'java/net/BindException'{0x000000071546c7a8}: Address already in use: bind> (0x000000071546c7a8) 
thrown [s\src\hotspot\share\prims\jni.cpp, line 539]
Event: 1761.909 Thread 0x000001b4e3e1f100 Exception <a 'java/lang/NoSuchMethodError'{0x0000000709b2b238}: 'java.lang.Object java.lang.invoke.DelegatingMethodHandle$Holder.reinvoke_L(java.lang.Object, java.lang.Object, java.lang.Object, java.lang.Object, java.lang.Object, java.lang.Object, java.lang.Object, java.lang.Object, java.lang.Object, java.lang.Object, java.lang.Object, java.lang.Object, java.lang.Object)'> (0x0000000709b2b238) 
thrown [s\src\hotspot\share\interpreter\linkResolver.cpp, line 773]
Event: 1762.069 Thread 0x000001b4e3e1f100 Exception <a 'java/lang/NoSuchMethodError'{0x00000007099d9538}: 'void java.lang.invoke.DelegatingMethodHandle$Holder.reinvoke_L(java.lang.Object, java.lang.Object, int, java.lang.Object)'> (0x00000007099d9538) 
thrown [s\src\hotspot\share\interpreter\linkResolver.cpp, line 773]
Event: 1762.460 Thread 0x000001b4e3e1f100 Exception <a 'java/lang/NoSuchMethodError'{0x0000000708f44830}: 'java.lang.Object java.lang.invoke.DelegatingMethodHandle$Holder.reinvoke_L(java.lang.Object, int, int, long, java.lang.Object, long, long, long)'> (0x0000000708f44830) 
thrown [s\src\hotspot\share\interpreter\linkResolver.cpp, line 773]
Event: 1762.465 Thread 0x000001b4e3e1f100 Exception <a 'java/lang/NoSuchMethodError'{0x0000000708f68ca8}: 'java.lang.Object java.lang.invoke.DelegatingMethodHandle$Holder.reinvoke_L(java.lang.Object, java.lang.Object, java.lang.Object, java.lang.Object, java.lang.Object, java.lang.Object, java.lang.Object, java.lang.Object, java.lang.Object, java.lang.Object, java.lang.Object, java.lang.Object, java.lang.Object, java.lang.Object, int, java.lang.Object, java.lang.Object, java.lang.Object, java.lang.Object, java.lang.Object, java.lang.Object, java.l
Event: 1762.474 Thread 0x000001b4e3e1f100 Exception <a 'java/lang/NoSuchMethodError'{0x0000000708fc4540}: 'java.lang.Object java.lang.invoke.DelegatingMethodHandle$Holder.reinvoke_L(java.lang.Object, java.lang.Object, java.lang.Object, java.lang.Object, java.lang.Object, java.lang.Object, java.lang.Object, java.lang.Object, java.lang.Object, java.lang.Object, java.lang.Object, java.lang.Object, java.lang.Object, java.lang.Object, java.lang.Object, java.lang.Object, java.lang.Object, java.lang.Object, java.lang.Object, java.lang.Object, java.lang.O
Event: 1762.525 Thread 0x000001b4e2a176d0 Exception <a 'java/lang/NoSuchMethodError'{0x0000000708d51a10}: 'long java.lang.invoke.DelegatingMethodHandle$Holder.reinvoke_L(java.lang.Object, java.lang.Object)'> (0x0000000708d51a10) 
thrown [s\src\hotspot\share\interpreter\linkResolver.cpp, line 773]
Event: 1817.445 Thread 0x000001b4e1a97c30 Exception <a 'java/lang/NoSuchMethodError'{0x000000070af02268}: static [B.<clinit>()V> (0x000000070af02268) 
thrown [s\src\hotspot\share\prims\jni.cpp, line 1111]
Event: 2187.300 Thread 0x000001b4e3e1f790 Exception <a 'java/lang/InterruptedException'{0x00000007092c26c0}: sleep interrupted> (0x00000007092c26c0) 
thrown [s\src\hotspot\share\prims\jvm.cpp, line 3074]
Event: 2217.309 Thread 0x000001b4e3e22580 Exception <a 'java/lang/InterruptedException'{0x0000000709395b38}: sleep interrupted> (0x0000000709395b38) 
thrown [s\src\hotspot\share\prims\jvm.cpp, line 3074]
Event: 2217.319 Thread 0x000001b4e3e211d0 Exception <a 'java/io/IOException'{0x00000007093455d8}> (0x00000007093455d8) 
thrown [s\src\hotspot\share\prims\jni.cpp, line 520]
Event: 2217.599 Thread 0x000001b4e3e204b0 Exception <a 'java/lang/InterruptedException'{0x000000071540a6a8}: sleep interrupted> (0x000000071540a6a8) 
thrown [s\src\hotspot\share\prims\jvm.cpp, line 3074]
Event: 2217.600 Thread 0x000001b4e3e21ef0 Exception <a 'java/io/IOException'{0x0000000715413070}> (0x0000000715413070) 
thrown [s\src\hotspot\share\prims\jni.cpp, line 520]
Event: 2217.797 Thread 0x000001b4e3e24ce0 Exception <a 'java/lang/InterruptedException'{0x00000007154193a8}: sleep interrupted> (0x00000007154193a8) 
thrown [s\src\hotspot\share\prims\jvm.cpp, line 3074]
Event: 2217.798 Thread 0x000001b4e3e20b40 Exception <a 'java/io/IOException'{0x0000000715421e28}> (0x0000000715421e28) 
thrown [s\src\hotspot\share\prims\jni.cpp, line 520]
Event: 2217.905 Thread 0x000001b4e3e21860 Exception <a 'java/lang/InterruptedException'{0x00000007154282f0}: sleep interrupted> (0x00000007154282f0) 
thrown [s\src\hotspot\share\prims\jvm.cpp, line 3074]

ZGC Phase Switch (0 events):
No events

VM Operations (20 events):
Event: 2219.431 Executing VM operation: ChangeSingleStep
Event: 2219.431 Executing VM operation: ChangeSingleStep done
Event: 2219.432 Executing VM operation: ChangeSingleStep
Event: 2219.432 Executing VM operation: ChangeSingleStep done
Event: 2219.465 Executing VM operation: RedefineClasses
Event: 2219.546 Executing VM operation: RedefineClasses done
Event: 2219.614 Executing VM operation: ChangeBreakpoints
Event: 2219.621 Executing VM operation: ChangeBreakpoints done
Event: 2219.637 Executing VM operation: ChangeBreakpoints
Event: 2219.643 Executing VM operation: ChangeBreakpoints done
Event: 2219.722 Executing VM operation: ChangeBreakpoints
Event: 2219.729 Executing VM operation: ChangeBreakpoints done
Event: 2219.747 Executing VM operation: ChangeBreakpoints
Event: 2219.753 Executing VM operation: ChangeBreakpoints done
Event: 2219.834 Executing VM operation: ChangeBreakpoints
Event: 2219.839 Executing VM operation: ChangeBreakpoints done
Event: 2219.855 Executing VM operation: ChangeBreakpoints
Event: 2219.861 Executing VM operation: ChangeBreakpoints done
Event: 2219.887 Executing VM operation: ChangeSingleStep
Event: 2219.887 Executing VM operation: ChangeSingleStep done

Memory protections (0 events):
No events

Nmethod flushes (20 events):
Event: 1760.898 Thread 0x000001b4cdfefb40 flushing  nmethod 0x000001b4d240a290
Event: 1760.898 Thread 0x000001b4cdfefb40 flushing  nmethod 0x000001b4d240a590
Event: 1760.898 Thread 0x000001b4cdfefb40 flushing  nmethod 0x000001b4d242f890
Event: 1760.898 Thread 0x000001b4cdfefb40 flushing  nmethod 0x000001b4d242fc10
Event: 1760.898 Thread 0x000001b4cdfefb40 flushing  nmethod 0x000001b4d24be910
Event: 1760.898 Thread 0x000001b4cdfefb40 flushing  nmethod 0x000001b4d24bed90
Event: 1760.898 Thread 0x000001b4cdfefb40 flushing  nmethod 0x000001b4d24bf090
Event: 1760.898 Thread 0x000001b4cdfefb40 flushing  nmethod 0x000001b4d24bf390
Event: 1760.898 Thread 0x000001b4cdfefb40 flushing  nmethod 0x000001b4d24bfd90
Event: 1760.898 Thread 0x000001b4cdfefb40 flushing  nmethod 0x000001b4d24c0190
Event: 1760.898 Thread 0x000001b4cdfefb40 flushing  nmethod 0x000001b4d24c0610
Event: 1760.898 Thread 0x000001b4cdfefb40 flushing  nmethod 0x000001b4d24c0a10
Event: 1760.898 Thread 0x000001b4cdfefb40 flushing  nmethod 0x000001b4d257c010
Event: 1760.898 Thread 0x000001b4cdfefb40 flushing  nmethod 0x000001b4d257d190
Event: 1760.898 Thread 0x000001b4cdfefb40 flushing  nmethod 0x000001b4d257e010
Event: 1760.898 Thread 0x000001b4cdfefb40 flushing  nmethod 0x000001b4d257fb90
Event: 1760.898 Thread 0x000001b4cdfefb40 flushing  nmethod 0x000001b4d2580910
Event: 1760.898 Thread 0x000001b4cdfefb40 flushing  nmethod 0x000001b4d258ba10
Event: 1760.898 Thread 0x000001b4cdfefb40 flushing  nmethod 0x000001b4d25c8010
Event: 1760.898 Thread 0x000001b4cdfefb40 flushing  nmethod 0x000001b4d2627a10

Events (20 events):
Event: 2217.315 Thread 0x000001b4e45575d0 Thread added: 0x000001b4e4556f40
Event: 2217.315 Thread 0x000001b4e4558980 Thread exited: 0x000001b4e4558980
Event: 2217.315 Thread 0x000001b4e455c490 Thread exited: 0x000001b4e455c490
Event: 2217.315 Thread 0x000001b4e455d840 Thread exited: 0x000001b4e455d840
Event: 2217.316 Thread 0x000001b4e45596a0 Thread exited: 0x000001b4e45596a0
Event: 2217.316 Thread 0x000001b4e4556f40 Thread exited: 0x000001b4e4556f40
Event: 2217.316 Thread 0x000001b4e45582f0 Thread exited: 0x000001b4e45582f0
Event: 2217.317 Thread 0x000001b4e45568b0 Thread exited: 0x000001b4e45568b0
Event: 2217.317 Thread 0x000001b4e455b0e0 Thread exited: 0x000001b4e455b0e0
Event: 2217.317 Thread 0x000001b4e455be00 Thread exited: 0x000001b4e455be00
Event: 2217.318 Thread 0x000001b4e2a17040 Thread exited: 0x000001b4e2a17040
Event: 2217.327 Thread 0x000001b4e3e211d0 Thread exited: 0x000001b4e3e211d0
Event: 2217.599 Thread 0x000001b4e3e204b0 Thread exited: 0x000001b4e3e204b0
Event: 2217.600 Thread 0x000001b4e3e22c10 Thread exited: 0x000001b4e3e22c10
Event: 2217.602 Thread 0x000001b4e3e21ef0 Thread exited: 0x000001b4e3e21ef0
Event: 2217.798 Thread 0x000001b4e3e24ce0 Thread exited: 0x000001b4e3e24ce0
Event: 2217.798 Thread 0x000001b4e3e25370 Thread exited: 0x000001b4e3e25370
Event: 2217.800 Thread 0x000001b4e3e20b40 Thread exited: 0x000001b4e3e20b40
Event: 2217.906 Thread 0x000001b4e3e21860 Thread exited: 0x000001b4e3e21860
Event: 2218.312 Thread 0x000001b4e455d1b0 Thread exited: 0x000001b4e455d1b0


Dynamic libraries:
0x00007ff7b7b70000 - 0x00007ff7b7b7e000 	C:\Users\Wanve.abhishek\Desktop\sts-4.29.0.RELEASE\plugins\org.eclipse.justj.openjdk.hotspot.jre.full.win32.x86_64_21.0.6.v20250130-0529\jre\bin\javaw.exe
0x00007ffeb1b50000 - 0x00007ffeb1d67000 	C:\windows\SYSTEM32\ntdll.dll
0x00007ffeaffa0000 - 0x00007ffeb0064000 	C:\windows\System32\KERNEL32.DLL
0x00007ffeaeef0000 - 0x00007ffeaf2c2000 	C:\windows\System32\KERNELBASE.dll
0x00007ffeaf640000 - 0x00007ffeaf751000 	C:\windows\System32\ucrtbase.dll
0x00007ffe94330000 - 0x00007ffe9434e000 	C:\Users\Wanve.abhishek\Desktop\sts-4.29.0.RELEASE\plugins\org.eclipse.justj.openjdk.hotspot.jre.full.win32.x86_64_21.0.6.v20250130-0529\jre\bin\VCRUNTIME140.dll
0x00007ffe94260000 - 0x00007ffe94278000 	C:\Users\Wanve.abhishek\Desktop\sts-4.29.0.RELEASE\plugins\org.eclipse.justj.openjdk.hotspot.jre.full.win32.x86_64_21.0.6.v20250130-0529\jre\bin\jli.dll
0x00007ffeaf8f0000 - 0x00007ffeafaa1000 	C:\windows\System32\USER32.dll
0x00007ffeaf610000 - 0x00007ffeaf636000 	C:\windows\System32\win32u.dll
0x00007ffeb1350000 - 0x00007ffeb1379000 	C:\windows\System32\GDI32.dll
0x00007ffeaf420000 - 0x00007ffeaf543000 	C:\windows\System32\gdi32full.dll
0x00007ffeaf2d0000 - 0x00007ffeaf36a000 	C:\windows\System32\msvcp_win.dll
0x00007ffead030000 - 0x00007ffead2cb000 	C:\windows\WinSxS\amd64_microsoft.windows.common-controls_6595b64144ccf1df_6.0.22621.5415_none_270d77d17387d7da\COMCTL32.dll
0x00007ffeafee0000 - 0x00007ffeaff87000 	C:\windows\System32\msvcrt.dll
0x00007ffeb1380000 - 0x00007ffeb13b1000 	C:\windows\System32\IMM32.DLL
0x00007ffea7450000 - 0x00007ffea7652000 	C:\windows\system32\tmumh\20019\AddOn\8.53.0.1071\TmUmEvt64.dll
0x00007ffeaff90000 - 0x00007ffeaff98000 	C:\windows\System32\PSAPI.DLL
0x00007ffeafb90000 - 0x00007ffeafc41000 	C:\windows\System32\ADVAPI32.dll
0x00007ffeb0640000 - 0x00007ffeb06e8000 	C:\windows\System32\sechost.dll
0x00007ffeaf370000 - 0x00007ffeaf398000 	C:\windows\System32\bcrypt.dll
0x00007ffeb1910000 - 0x00007ffeb1a24000 	C:\windows\System32\RPCRT4.dll
0x0000000068150000 - 0x00000000682be000 	C:\windows\system32\tmumh\20019\TmMon\2.8.0.1049\tmmon64.dll
0x0000000068000000 - 0x0000000068072000 	C:\windows\System32\QIPCAP64.dll
0x00007ffeb0aa0000 - 0x00007ffeb1342000 	C:\windows\System32\SHELL32.dll
0x00007ffeaec40000 - 0x00007ffeaed7f000 	C:\windows\System32\wintypes.dll
0x00007ffeb06f0000 - 0x00007ffeb0a83000 	C:\windows\System32\combase.dll
0x00007ffeacd50000 - 0x00007ffeace48000 	C:\windows\SYSTEM32\DNSAPI.dll
0x00007ffeacd20000 - 0x00007ffeacd4d000 	C:\windows\SYSTEM32\IPHLPAPI.DLL
0x00007ffeafed0000 - 0x00007ffeafed9000 	C:\windows\System32\NSI.dll
0x00007ffe94320000 - 0x00007ffe9432c000 	C:\Users\Wanve.abhishek\Desktop\sts-4.29.0.RELEASE\plugins\org.eclipse.justj.openjdk.hotspot.jre.full.win32.x86_64_21.0.6.v20250130-0529\jre\bin\vcruntime140_1.dll
0x00007ffe941d0000 - 0x00007ffe9425d000 	C:\Users\Wanve.abhishek\Desktop\sts-4.29.0.RELEASE\plugins\org.eclipse.justj.openjdk.hotspot.jre.full.win32.x86_64_21.0.6.v20250130-0529\jre\bin\msvcp140.dll
0x00007ffe05de0000 - 0x00007ffe06b70000 	C:\Users\Wanve.abhishek\Desktop\sts-4.29.0.RELEASE\plugins\org.eclipse.justj.openjdk.hotspot.jre.full.win32.x86_64_21.0.6.v20250130-0529\jre\bin\server\jvm.dll
0x00007ffeb0070000 - 0x00007ffeb00e1000 	C:\windows\System32\WS2_32.dll
0x00007ffeaeb10000 - 0x00007ffeaeb5d000 	C:\windows\SYSTEM32\POWRPROF.dll
0x00007ffea7850000 - 0x00007ffea7884000 	C:\windows\SYSTEM32\WINMM.dll
0x00007ffea66f0000 - 0x00007ffea66fa000 	C:\windows\SYSTEM32\VERSION.dll
0x00007ffeaeaf0000 - 0x00007ffeaeb03000 	C:\windows\SYSTEM32\UMPDC.dll
0x00007ffeadc30000 - 0x00007ffeadc48000 	C:\windows\SYSTEM32\kernel.appcore.dll
0x00007ffeaa8e0000 - 0x00007ffeaa8ea000 	C:\Users\Wanve.abhishek\Desktop\sts-4.29.0.RELEASE\plugins\org.eclipse.justj.openjdk.hotspot.jre.full.win32.x86_64_21.0.6.v20250130-0529\jre\bin\jimage.dll
0x00007ffeabef0000 - 0x00007ffeac123000 	C:\windows\SYSTEM32\DBGHELP.DLL
0x00007ffeb1a30000 - 0x00007ffeb1b07000 	C:\windows\System32\OLEAUT32.dll
0x00007ffe97f10000 - 0x00007ffe97f42000 	C:\windows\SYSTEM32\dbgcore.DLL
0x00007ffeaf3a0000 - 0x00007ffeaf41b000 	C:\windows\System32\bcryptPrimitives.dll
0x00007ffe576a0000 - 0x00007ffe576dc000 	C:\Users\Wanve.abhishek\Desktop\sts-4.29.0.RELEASE\plugins\org.eclipse.justj.openjdk.hotspot.jre.full.win32.x86_64_21.0.6.v20250130-0529\jre\bin\jdwp.dll
0x00007ffe94070000 - 0x00007ffe9407f000 	C:\Users\Wanve.abhishek\Desktop\sts-4.29.0.RELEASE\plugins\org.eclipse.justj.openjdk.hotspot.jre.full.win32.x86_64_21.0.6.v20250130-0529\jre\bin\instrument.dll
0x00007ffea78b0000 - 0x00007ffea78cf000 	C:\Users\Wanve.abhishek\Desktop\sts-4.29.0.RELEASE\plugins\org.eclipse.justj.openjdk.hotspot.jre.full.win32.x86_64_21.0.6.v20250130-0529\jre\bin\java.dll
0x00007ffeac180000 - 0x00007ffeaca9e000 	C:\windows\SYSTEM32\windows.storage.dll
0x00007ffeb1460000 - 0x00007ffeb156b000 	C:\windows\System32\SHCORE.dll
0x000001b4dc9a0000 - 0x000001b4dca09000 	C:\windows\System32\shlwapi.dll
0x00007ffeaeb70000 - 0x00007ffeaeb9b000 	C:\windows\SYSTEM32\profapi.dll
0x00007ffea7660000 - 0x00007ffea7678000 	C:\Users\Wanve.abhishek\Desktop\sts-4.29.0.RELEASE\plugins\org.eclipse.justj.openjdk.hotspot.jre.full.win32.x86_64_21.0.6.v20250130-0529\jre\bin\zip.dll
0x00007ffe93fb0000 - 0x00007ffe93fbb000 	C:\Users\Wanve.abhishek\Desktop\sts-4.29.0.RELEASE\plugins\org.eclipse.justj.openjdk.hotspot.jre.full.win32.x86_64_21.0.6.v20250130-0529\jre\bin\dt_socket.dll
0x00007ffeae0a0000 - 0x00007ffeae109000 	C:\windows\system32\mswsock.dll
0x00007ffeaa070000 - 0x00007ffeaa07a000 	C:\Windows\System32\rasadhlp.dll
0x00007ffeaab50000 - 0x00007ffeaabd4000 	C:\windows\System32\fwpuclnt.dll
0x00007ffeaa8d0000 - 0x00007ffeaa8e0000 	C:\Users\Wanve.abhishek\Desktop\sts-4.29.0.RELEASE\plugins\org.eclipse.justj.openjdk.hotspot.jre.full.win32.x86_64_21.0.6.v20250130-0529\jre\bin\net.dll
0x00007ffeaac00000 - 0x00007ffeaad2c000 	C:\windows\SYSTEM32\WINHTTP.dll
0x00007ffe94700000 - 0x00007ffe94716000 	C:\Users\Wanve.abhishek\Desktop\sts-4.29.0.RELEASE\plugins\org.eclipse.justj.openjdk.hotspot.jre.full.win32.x86_64_21.0.6.v20250130-0529\jre\bin\nio.dll
0x00007ffe941c0000 - 0x00007ffe941ca000 	C:\Users\Wanve.abhishek\Desktop\sts-4.29.0.RELEASE\plugins\org.eclipse.justj.openjdk.hotspot.jre.full.win32.x86_64_21.0.6.v20250130-0529\jre\bin\management.dll
0x00007ffe941b0000 - 0x00007ffe941bb000 	C:\Users\Wanve.abhishek\Desktop\sts-4.29.0.RELEASE\plugins\org.eclipse.justj.openjdk.hotspot.jre.full.win32.x86_64_21.0.6.v20250130-0529\jre\bin\management_ext.dll
0x00007ffe81350000 - 0x00007ffe81367000 	C:\windows\system32\napinsp.dll
0x00007ffe81330000 - 0x00007ffe8134b000 	C:\windows\system32\pnrpnsp.dll
0x00007ffe81310000 - 0x00007ffe81321000 	C:\windows\System32\winrnr.dll
0x00007ffe812f0000 - 0x00007ffe8130f000 	C:\windows\system32\wshbth.dll
0x00007ffe812c0000 - 0x00007ffe812e1000 	C:\windows\system32\nlansp_c.dll
0x00007ffeae390000 - 0x00007ffeae3ab000 	C:\windows\SYSTEM32\CRYPTSP.dll
0x00007ffeadb90000 - 0x00007ffeadbc7000 	C:\windows\system32\rsaenh.dll
0x00007ffeae140000 - 0x00007ffeae168000 	C:\windows\SYSTEM32\USERENV.dll
0x00007ffeae370000 - 0x00007ffeae37c000 	C:\windows\SYSTEM32\CRYPTBASE.dll
0x00007ffe941a0000 - 0x00007ffe941a9000 	C:\Users\Wanve.abhishek\Desktop\sts-4.29.0.RELEASE\plugins\org.eclipse.justj.openjdk.hotspot.jre.full.win32.x86_64_21.0.6.v20250130-0529\jre\bin\extnet.dll
0x00007ffe946f0000 - 0x00007ffe94700000 	C:\Users\Wanve.abhishek\Desktop\sts-4.29.0.RELEASE\plugins\org.eclipse.justj.openjdk.hotspot.jre.full.win32.x86_64_21.0.6.v20250130-0529\jre\bin\verify.dll
0x00007ffe94410000 - 0x00007ffe9441e000 	C:\Users\Wanve.abhishek\Desktop\sts-4.29.0.RELEASE\plugins\org.eclipse.justj.openjdk.hotspot.jre.full.win32.x86_64_21.0.6.v20250130-0529\jre\bin\sunmscapi.dll
0x000001b4dcd70000 - 0x000001b4dced7000 	C:\windows\System32\CRYPT32.dll
0x00007ffeae4a0000 - 0x00007ffeae4cd000 	C:\windows\SYSTEM32\ncrypt.dll
0x00007ffeae460000 - 0x00007ffeae497000 	C:\windows\SYSTEM32\NTASN1.dll
0x00007ffeaaad0000 - 0x00007ffeaaae9000 	C:\windows\SYSTEM32\dhcpcsvc6.DLL
0x00007ffeaaab0000 - 0x00007ffeaaacf000 	C:\windows\SYSTEM32\dhcpcsvc.DLL
0x00007ffe84270000 - 0x00007ffe84278000 	C:\windows\system32\wshunix.dll

dbghelp: loaded successfully - version: 4.0.5 - missing functions: none
symbol engine: initialized successfully - sym options: 0x614 - pdb path: .;C:\Users\Wanve.abhishek\Desktop\sts-4.29.0.RELEASE\plugins\org.eclipse.justj.openjdk.hotspot.jre.full.win32.x86_64_21.0.6.v20250130-0529\jre\bin;C:\windows\SYSTEM32;C:\windows\WinSxS\amd64_microsoft.windows.common-controls_6595b64144ccf1df_6.0.22621.5415_none_270d77d17387d7da;C:\windows\system32\tmumh\20019\AddOn\8.53.0.1071;C:\windows\system32\tmumh\20019\TmMon\2.8.0.1049;C:\Users\Wanve.abhishek\Desktop\sts-4.29.0.RELEASE\plugins\org.eclipse.justj.openjdk.hotspot.jre.full.win32.x86_64_21.0.6.v20250130-0529\jre\bin\server

VM Arguments:
jvm_args: -XX:+ShowCodeDetailsInExceptionMessages -agentlib:jdwp=transport=dt_socket,suspend=y,address=localhost:50878 -Dcom.sun.management.jmxremote -Dcom.sun.management.jmxremote.port=50877 -Dcom.sun.management.jmxremote.authenticate=false -Dcom.sun.management.jmxremote.ssl=false -Djava.rmi.server.hostname=localhost -Dspring.jmx.enabled=true -Dmanagement.endpoints.jmx.exposure.include=* -Dspring.application.admin.enabled=true -Dspring.output.ansi.enabled=always -XX:TieredStopAtLevel=1 -Dspring.boot.project.name=ticket-processing-service -javaagent:C:\Users\Wanve.abhishek\Desktop\sts-4.29.0.RELEASE\configuration\org.eclipse.osgi\270\0\.cp\lib\javaagent-shaded.jar -Dfile.encoding=UTF-8 -Dstdout.encoding=UTF-8 -Dstderr.encoding=UTF-8 
java_command: com.example.ticket_processing_service.TicketProcessingServiceApplication
java_class_path (initial): C:\Users\Wanve.abhishek\Documents\coldplay-latest\ticket-processing-service\bin\main;C:\Users\Wanve.abhishek\.gradle\caches\modules-2\files-2.1\org.projectlombok\lombok\1.18.24\13a394eed5c4f9efb2a6d956e2086f1d81e857d9\lombok-1.18.24.jar;C:\Users\Wanve.abhishek\.gradle\caches\modules-2\files-2.1\org.springframework.boot\spring-boot-starter-data-mongodb\2.7.0\f333231930bc06f429bdc5e20baf18ddc82004e2\spring-boot-starter-data-mongodb-2.7.0.jar;C:\Users\Wanve.abhishek\.gradle\caches\modules-2\files-2.1\org.springframework.boot\spring-boot-starter-web\2.7.0\7bf2381d030023970b5375c1090545e480467aa1\spring-boot-starter-web-2.7.0.jar;C:\Users\Wanve.abhishek\.gradle\caches\modules-2\files-2.1\org.springframework.kafka\spring-kafka\2.8.6\9e32aa7031e2ee5bad0947318a1632939f10c980\spring-kafka-2.8.6.jar;C:\Users\Wanve.abhishek\.gradle\caches\modules-2\files-2.1\org.springframework.boot\spring-boot-starter-data-redis\2.7.18\b71c95695e0382ef2c6fd2ba99c0f715f27ef0d1\spring-boot-starter-data-redis-2.7.18.jar;C:\Users\Wanve.abhishek\.gradle\caches\modules-2\files-2.1\org.springframework.cloud\spring-cloud-starter-netflix-eureka-client\3.1.3\dc553756f25fd8ac40e3990e21527c12a062f12d\spring-cloud-starter-netflix-eureka-client-3.1.3.jar;C:\Users\Wanve.abhishek\.gradle\caches\modules-2\files-2.1\org.springframework.cloud\spring-cloud-starter-loadbalancer\3.1.3\8472c686b155792c2b9149aa1d759630c8c65958\spring-cloud-starter-loadbalancer-3.1.3.jar;C:\Users\Wanve.abhishek\.gradle\caches\modules-2\files-2.1\org.springframework.cloud\spring-cloud-starter\3.1.3\af770a7932668abe7cedb7ea8773fa0140b62a1a\spring-cloud-starter-3.1.3.jar;C:\Users\Wanve.abhishek\.gradle\caches\modules-2\files-2.1\org.springframework.boot\spring-boot-starter-json\2.7.0\f7120f4a6fd5dd2ca2128061e420e45ae2294943\spring-boot-starter-json-2.7.0.jar;C:\Users\Wanve.abhishek\.gradle\caches\modules-2\files-2.1\org.springframework.boot\spring-boot-starter-cache\2.7.0\9d459e63937b62afaf3d730ab6813efe5762e786\spring-boot-starter-cache-2.7.0.jar;C:\Users\Wanve.abhishek\.gradle\caches\modules-2\files-2.1\org.springframework.boot\spring-boot-starter\2.7.0\64fd3c21486dd20df9a62566599337dae2eb62cc\spring-boot-starter-2.7.0.jar;C:\Users\Wanve.abhishek\.gradle\caches\modules-2\files-2.1\org.mongodb\mongodb-driver-sync\4.6.0\7973e00c73f4a04eea9c4aefc435589f08b34f64\mongodb-driver-sync-4.6.0.jar;C:\Users\Wanve.abhishek\.gradle\caches\modules-2\files-2.1\org.springframework.data\spring-data-mongodb\3.4.0\4c1094affb7d13720b328f57f72705d995db508e\spring-data-mongodb-3.4.0.jar;C:\Users\Wanve.abhishek\.gradle\caches\modules-2\files-2.1\org.springframework.boot\spring-boot-starter-tomcat\2.7.0\b8e5cd8cd4bf3935a68468fe32fe2e7550f96b8a\spring-boot-starter-tomcat-2.7.0.jar;C:\Users\Wanve.abhishek\.gradle\caches\modules-2\files-2.1\org.springframework\spring-webmvc\5.3.20\8ac1b72a1f5c41fdc2cb3340cd94f795af260301\spring-webmvc-5.3.20.jar;C:\Users\Wanve.abhishek\.gradle\caches\modules-2\files-2.1\org.springframework\spring-web\5.3.20\3c2fe9363760d62d5b7c9f087bb4255e3377a0b2\spring-web-5.3.20.jar;C:\Users\Wanve.abhishek\.gradle\caches\modules-2\files-2.1\org.springframework.boot\spring-boot-autoconfigure\2.7.0\483f9a66d0e8326583c5054038d0aa0a95045dc3\spring-boot-autoconfigure-2.7.0.jar;C:\Users\Wanve.abhishek\.gradle\caches\modules-2\files-2.1\org.springframework.boot\spring-boot\2.7.0\df8bd106d6c6a6494b787b71d23cef6d2dc73703\spring-boot-2.7.0.jar;C:\Users\Wanve.abhishek\.gradle\caches\modules-2\files-2.1\org.springframework.data\spring-data-redis\2.7.0\776327692ff80a53e6f96c9556ee7b2eaea46e85\spring-data-redis-2.7.0.jar;C:\Users\Wanve.abhishek\.gradle\caches\modules-2\files-2.1\org.springframework.data\spring-data-keyvalue\2.7.0\124cebba4e743c1e9153b3b828a7a1790283212f\spring-data-keyvalue-2.7.0.jar;C:\Users\Wanve.abhishek\.gradle\caches\modules-2\files-2.1\org.springframework\spring-context-support\5.3.20\67c501ee0f6a0a93c1a1791fb9a176e1351de538\spring-context-support-5.3.20.jar;C:\Users\Wanve.abhishek\.gradle\caches\modules-2\files-2.1\org.springframework\spring-context\5.3.20\517a42165221ea944c8b794154c10b69c0128281\spring-context-5.3.20.jar;C:\Users\Wanve.abhishek\.gradle\caches\modules-2\files-2.1\org.springframework\spring-messaging\5.3.20\b535dd4dc86acdf3a562f996185dd47d78545956\spring-messaging-5.3.20.jar;C:\Users\Wanve.abhishek\.gradle\caches\modules-2\files-2.1\org.springframework\spring-tx\5.3.20\9a4ec2249dc3523ac70e0710a64288c14fc3ff78\spring-tx-5.3.20.jar;C:\Users\Wanve.abhishek\.gradle\caches\modules-2\files-2.1\org.springframework.retry\spring-retry\1.3.1\f8644c86f2be54623c3b336a56b54216841a3f22\spring-retry-1.3.1.jar;C:\Users\Wanve.abhishek\.gradle\caches\modules-2\files-2.1\org.apache.kafka\kafka-clients\3.1.1\6fb84c57d8c4a87b3fc1e834e2500a36c048afa3\kafka-clients-3.1.1.jar;C:\Users\Wanve.abhishek\.gradle\caches\modules-2\files-2.1\io.lettuce\lettuce-core\6.1.8.RELEASE\a68e451255221a2e3b4dd774b521ba8ddb994255\lettuce-core-6.1.8.RELEASE.jar;C:\Users\Wanve.abhishek\.gradle\caches\modules-2\files-2.1\org.springframework.cloud\spring-cloud-context\3.1.3\50f7c4f2d91a7e5ef2591426af327501ae7c0e5d\spring-cloud-context-3.1.3.jar;C:\Users\Wanve.abhishek\.gradle\caches\modules-2\files-2.1\org.springframework.cloud\spring-cloud-commons\3.1.3\2f5f96aad78b819078cb748407f707f1324fe5a3\spring-cloud-commons-3.1.3.jar;C:\Users\Wanve.abhishek\.gradle\caches\modules-2\files-2.1\org.springframework.security\spring-security-rsa\1.0.10.RELEASE\675a247df1197b98c8c928fb67c7ec0a60ad91cc\spring-security-rsa-1.0.10.RELEASE.jar;C:\Users\Wanve.abhishek\.gradle\caches\modules-2\files-2.1\org.springframework.cloud\spring-cloud-netflix-eureka-client\3.1.3\42b23dd4f79dcb873375d03ac2585dcdf00b03d9\spring-cloud-netflix-eureka-client-3.1.3.jar;C:\Users\Wanve.abhishek\.gradle\caches\modules-2\files-2.1\com.netflix.eureka\eureka-core\1.10.17\32d9b4257c0e6939039ab52c3290f48d4d4b20d6\eureka-core-1.10.17.jar;C:\Users\Wanve.abhishek\.gradle\caches\modules-2\files-2.1\com.netflix.eureka\eureka-client\1.10.17\2d36e9f177970ae70d86aa756a842e3ad9bcabd3\eureka-client-1.10.17.jar;C:\Users\Wanve.abhishek\.gradle\caches\modules-2\files-2.1\org.springframework.boot\spring-boot-starter-logging\2.7.0\5ff2a55d345ad824f39d55eaa32203865a92b30f\spring-boot-starter-logging-2.7.0.jar;C:\Users\Wanve.abhishek\.gradle\caches\modules-2\files-2.1\jakarta.annotation\jakarta.annotation-api\1.3.5\59eb84ee0d616332ff44aba065f3888cf002cd2d\jakarta.annotation-api-1.3.5.jar;C:\Users\Wanve.abhishek\.gradle\caches\modules-2\files-2.1\org.springframework.data\spring-data-commons\2.7.0\6dc643cf1512fdc5c2d63f55c83080b60b629d10\spring-data-commons-2.7.0.jar;C:\Users\Wanve.abhishek\.gradle\caches\modules-2\files-2.1\org.springframework\spring-aop\5.3.20\c82f17997ab18ecafa8d08ce34a7c7aa4a04ef9e\spring-aop-5.3.20.jar;C:\Users\Wanve.abhishek\.gradle\caches\modules-2\files-2.1\org.springframework\spring-oxm\5.3.20\c20a0baf7237d4d79939ccfe7765e1186df6488a\spring-oxm-5.3.20.jar;C:\Users\Wanve.abhishek\.gradle\caches\modules-2\files-2.1\org.springframework\spring-beans\5.3.20\ab88bd9e3a8307f5c0516c15d295c88ec318659\spring-beans-5.3.20.jar;C:\Users\Wanve.abhishek\.gradle\caches\modules-2\files-2.1\org.springframework\spring-expression\5.3.20\20e179f0dfabf0a46428f22c2150c9c4850fd15d\spring-expression-5.3.20.jar;C:\Users\Wanve.abhishek\.gradle\caches\modules-2\files-2.1\org.springframework\spring-core\5.3.20\4b88aa3c401ede3d6c8ac78ea0c646cf326ec24b\spring-core-5.3.20.jar;C:\Users\Wanve.abhishek\.gradle\caches\modules-2\files-2.1\org.yaml\snakeyaml\1.30\8fde7fe2586328ac3c68db92045e1c8759125000\snakeyaml-1.30.jar;C:\Users\Wanve.abhishek\.gradle\caches\modules-2\files-2.1\org.mongodb\mongodb-driver-core\4.6.0\1f3e06d90898083fc06a839519ab0fac780ba81\mongodb-driver-core-4.6.0.jar;C:\Users\Wanve.abhishek\.gradle\caches\modules-2\files-2.1\org.mongodb\bson\4.6.0\c38b4c6b90fbe818f4066c7a1e8c36ce27375f2f\bson-4.6.0.jar;C:\Users\Wanve.abhishek\.gradle\caches\modules-2\files-2.1\com.netflix.servo\servo-core\0.12.21\f56c3bf161217be98fbe4135adf8480590db9c37\servo-core-0.12.21.jar;C:\Users\Wanve.abhishek\.gradle\caches\modules-2\files-2.1\ch.qos.logback\logback-classic\1.2.11\4741689214e9d1e8408b206506cbe76d1c6a7d60\logback-classic-1.2.11.jar;C:\Users\Wanve.abhishek\.gradle\caches\modules-2\files-2.1\org.apache.logging.log4j\log4j-to-slf4j\2.17.2\17dd0fae2747d9a28c67bc9534108823d2376b46\log4j-to-slf4j-2.17.2.jar;C:\Users\Wanve.abhishek\.gradle\caches\modules-2\files-2.1\org.slf4j\jul-to-slf4j\1.7.36\ed46d81cef9c412a88caef405b58f93a678ff2ca\jul-to-slf4j-1.7.36.jar;C:\Users\Wanve.abhishek\.gradle\caches\modules-2\files-2.1\org.slf4j\slf4j-api\1.7.36\6c62681a2f655b49963a5983b8b0950a6120ae14\slf4j-api-1.7.36.jar;C:\Users\Wanve.abhishek\.gradle\caches\modules-2\files-2.1\com.fasterxml.jackson.datatype\jackson-datatype-jsr310\2.13.3\ad2f4c61aeb9e2a8bb5e4a3ed782cfddec52d972\jackson-datatype-jsr310-2.13.3.jar;C:\Users\Wanve.abhishek\.gradle\caches\modules-2\files-2.1\com.fasterxml.jackson.module\jackson-module-parameter-names\2.13.3\f71c4ecc1a403787c963f68bc619b78ce1d2687b\jackson-module-parameter-names-2.13.3.jar;C:\Users\Wanve.abhishek\.gradle\caches\modules-2\files-2.1\com.fasterxml.jackson.core\jackson-annotations\2.13.3\7198b3aac15285a49e218e08441c5f70af00fc51\jackson-annotations-2.13.3.jar;C:\Users\Wanve.abhishek\.gradle\caches\modules-2\files-2.1\com.fasterxml.jackson.core\jackson-core\2.13.3\a27014716e4421684416e5fa83d896ddb87002da\jackson-core-2.13.3.jar;C:\Users\Wanve.abhishek\.gradle\caches\modules-2\files-2.1\com.fasterxml.jackson.datatype\jackson-datatype-jdk8\2.13.3\d4884595d5aab5babdb00ddbd693b8fd36b5ec3c\jackson-datatype-jdk8-2.13.3.jar;C:\Users\Wanve.abhishek\.gradle\caches\modules-2\files-2.1\com.fasterxml.jackson.core\jackson-databind\2.13.3\56deb9ea2c93a7a556b3afbedd616d342963464e\jackson-databind-2.13.3.jar;C:\Users\Wanve.abhishek\.gradle\caches\modules-2\files-2.1\org.apache.tomcat.embed\tomcat-embed-websocket\9.0.63\c0bedf7bad4c0552e1805b2bc802604171c64146\tomcat-embed-websocket-9.0.63.jar;C:\Users\Wanve.abhishek\.gradle\caches\modules-2\files-2.1\org.apache.tomcat.embed\tomcat-embed-core\9.0.63\f427a282d02439570f1e2af2c00376d4188c5291\tomcat-embed-core-9.0.63.jar;C:\Users\Wanve.abhishek\.gradle\caches\modules-2\files-2.1\org.apache.tomcat.embed\tomcat-embed-el\9.0.63\b595f0bdae0392c8b3c8592fea10023956a3f619\tomcat-embed-el-9.0.63.jar;C:\Users\Wanve.abhishek\.gradle\caches\modules-2\files-2.1\io.netty\netty-handler\4.1.77.Final\47a81089de03635a27f509f3e4e13386ae1db275\netty-handler-4.1.77.Final.jar;C:\Users\Wanve.abhishek\.gradle\caches\modules-2\files-2.1\io.netty\netty-codec\4.1.77.Final\4efc5f59335301d6ba0d7cd31dd10651119b03c8\netty-codec-4.1.77.Final.jar;C:\Users\Wanve.abhishek\.gradle\caches\modules-2\files-2.1\io.netty\netty-transport\4.1.77.Final\2a3373bbd20d520c821f210bd5ee886788512043\netty-transport-4.1.77.Final.jar;C:\Users\Wanve.abhishek\.gradle\caches\modules-2\files-2.1\io.netty\netty-resolver\4.1.77.Final\4a239dbf8d8bb5f98aa51462c35011c0516395fd\netty-resolver-4.1.77.Final.jar;C:\Users\Wanve.abhishek\.gradle\caches\modules-2\files-2.1\io.netty\netty-buffer\4.1.77.Final\d97571f99e5e739d86824d0df99f35d295276b5f\netty-buffer-4.1.77.Final.jar;C:\Users\Wanve.abhishek\.gradle\caches\modules-2\files-2.1\io.netty\netty-common\4.1.77.Final\ea0fc20f4e6178966b9d62017b7fcb83dfe0e713\netty-common-4.1.77.Final.jar;C:\Users\Wanve.abhishek\.gradle\caches\modules-2\files-2.1\io.projectreactor\reactor-core\3.4.18\29f4f3a4876a65861deffc0f7f189029bcaf7946\reactor-core-3.4.18.jar;C:\Users\Wanve.abhishek\.gradle\caches\modules-2\files-2.1\org.springframework.security\spring-security-crypto\5.7.1\e036d3deb1b1fba2b9881613f0e43f69ccd23ece\spring-security-crypto-5.7.1.jar;C:\Users\Wanve.abhishek\.gradle\caches\modules-2\files-2.1\org.bouncycastle\bcpkix-jdk15on\1.68\81da950604ff0b2652348cbd2b48fde46ced9867\bcpkix-jdk15on-1.68.jar;C:\Users\Wanve.abhishek\.gradle\caches\modules-2\files-2.1\com.netflix.netflix-commons\netflix-eventbus\0.3.0\3f864adbe81f0849729fcbba3fe693c32be739ea\netflix-eventbus-0.3.0.jar;C:\Users\Wanve.abhishek\.gradle\caches\modules-2\files-2.1\com.thoughtworks.xstream\xstream\1.4.18\12eb80b4c4b83b184b669866f510a0eae13f9475\xstream-1.4.18.jar;C:\Users\Wanve.abhishek\.gradle\caches\modules-2\files-2.1\javax.ws.rs\jsr311-api\1.1.1\59033da2a1afd56af1ac576750a8d0b1830d59e6\jsr311-api-1.1.1.jar;C:\Users\Wanve.abhishek\.gradle\caches\modules-2\files-2.1\org.apache.httpcomponents\httpclient\4.5.13\e5f6cae5ca7ecaac1ec2827a9e2d65ae2869cada\httpclient-4.5.13.jar;C:\Users\Wanve.abhishek\.gradle\caches\modules-2\files-2.1\com.google.code.findbugs\jsr305\3.0.2\25ea2e8b0c338a877313bd4672d3fe056ea78f0d\jsr305-3.0.2.jar;C:\Users\Wanve.abhishek\.gradle\caches\modules-2\files-2.1\commons-configuration\commons-configuration\1.10\2b36e4adfb66d966c5aef2d73deb6be716389dc9\commons-configuration-1.10.jar;C:\Users\Wanve.abhishek\.gradle\caches\modules-2\files-2.1\com.google.inject\guice\4.1.0\eeb69005da379a10071aa4948c48d89250febb07\guice-4.1.0.jar;C:\Users\Wanve.abhishek\.gradle\caches\modules-2\files-2.1\com.fasterxml.woodstox\woodstox-core\6.2.1\1600925b1ec7c7a3403c8f068ad62feead13132f\woodstox-core-6.2.1.jar;C:\Users\Wanve.abhishek\.gradle\caches\modules-2\files-2.1\com.stoyanr\evictor\1.0.0\d4615a8516dc28cb958e723f1a0902faa8732217\evictor-1.0.0.jar;C:\Users\Wanve.abhishek\.gradle\caches\modules-2\files-2.1\org.springframework\spring-jcl\5.3.20\35119231d09863699567ce579c21512ddcbc5407\spring-jcl-5.3.20.jar;C:\Users\Wanve.abhishek\.gradle\caches\modules-2\files-2.1\org.reactivestreams\reactive-streams\1.0.3\d9fb7a7926ffa635b3dcaa5049fb2bfa25b3e7d0\reactive-streams-1.0.3.jar;C:\Users\Wanve.abhishek\.gradle\caches\modules-2\files-2.1\org.bouncycastle\bcprov-jdk15on\1.68\46a080368d38b428d237a59458f9bc915222894d\bcprov-jdk15on-1.68.jar;C:\Users\Wanve.abhishek\.gradle\caches\modules-2\files-2.1\io.github.x-stream\mxparser\1.2.2\476fb3b3bb3716cad797cd054ce45f89445794e9\mxparser-1.2.2.jar;C:\Users\Wanve.abhishek\.gradle\caches\modules-2\files-2.1\com.google.guava\guava\19.0\6ce200f6b23222af3d8abb6b6459e6c44f4bb0e9\guava-19.0.jar;C:\Users\Wanve.abhishek\.gradle\caches\modules-2\files-2.1\org.apache.httpcomponents\httpcore\4.4.15\7f2e0c573eaa7a74bac2e89b359e1f73d92a0a1d\httpcore-4.4.15.jar;C:\Users\Wanve.abhishek\.gradle\caches\modules-2\files-2.1\commons-codec\commons-codec\1.15\49d94806b6e3dc933dacbd8acb0fdbab8ebd1e5d\commons-codec-1.15.jar;C:\Users\Wanve.abhishek\.gradle\caches\modules-2\files-2.1\commons-lang\commons-lang\2.6\ce1edb914c94ebc388f086c6827e8bdeec71ac2\commons-lang-2.6.jar;C:\Users\Wanve.abhishek\.gradle\caches\modules-2\files-2.1\javax.inject\javax.inject\1\6975da39a7040257bd51d21a231b76c915872d38\javax.inject-1.jar;C:\Users\Wanve.abhishek\.gradle\caches\modules-2\files-2.1\org.codehaus.woodstox\stax2-api\4.2.1\a3f7325c52240418c2ba257b103c3c550e140c83\stax2-api-4.2.1.jar;C:\Users\Wanve.abhishek\.gradle\caches\modules-2\files-2.1\ch.qos.logback\logback-core\1.2.11\a01230df5ca5c34540cdaa3ad5efb012f1f1f792\logback-core-1.2.11.jar;C:\Users\Wanve.abhishek\.gradle\caches\modules-2\files-2.1\org.apache.logging.log4j\log4j-api\2.17.2\f42d6afa111b4dec5d2aea0fe2197240749a4ea6\log4j-api-2.17.2.jar;C:\Users\Wanve.abhishek\.gradle\caches\modules-2\files-2.1\xmlpull\xmlpull\1.1.3.1\2b8e230d2ab644e4ecaa94db7cdedbc40c805dfa\xmlpull-1.1.3.1.jar;C:\Users\Wanve.abhishek\.gradle\caches\modules-2\files-2.1\aopalliance\aopalliance\1.0\235ba8b489512805ac13a8f9ea77a1ca5ebe3e8\aopalliance-1.0.jar;C:\Users\Wanve.abhishek\.gradle\caches\modules-2\files-2.1\org.springframework.boot\spring-boot-devtools\2.7.0\2a45b04877bbfe9750e4d29f6a73f125e146513d\spring-boot-devtools-2.7.0.jar;C:\Users\Wanve.abhishek\.gradle\caches\modules-2\files-2.1\com.netflix.netflix-commons\netflix-infix\0.3.0\acc65969f7367ddd2f1265e0cd7330509ed530dc\netflix-infix-0.3.0.jar;C:\Users\Wanve.abhishek\.gradle\caches\modules-2\files-2.1\org.mongodb\bson-record-codec\4.6.0\e34dde19c2feded736833d6c47bbe637379a36bb\bson-record-codec-4.6.0.jar;C:\Users\Wanve.abhishek\.gradle\caches\modules-2\files-2.1\com.github.luben\zstd-jni\1.5.0-4\338d83645fb93afc9e8b38a12d9d16d41d0819b3\zstd-jni-1.5.0-4.jar;C:\Users\Wanve.abhishek\.gradle\caches\modules-2\files-2.1\org.lz4\lz4-java\1.8.0\4b986a99445e49ea5fbf5d149c4b63f6ed6c6780\lz4-java-1.8.0.jar;C:\Users\Wanve.abhishek\.gradle\caches\modules-2\files-2.1\org.xerial.snappy\snappy-java\1.1.8.4\66f0d56454509f6e36175f2331572e250e04a6cc\snappy-java-1.1.8.4.jar;C:\Users\Wanve.abhishek\.gradle\caches\modules-2\files-2.1\org.codehaus.jettison\jettison\1.4.0\8f0e7bb69242e9ed5bfdf7384b37c1095b0974fc\jettison-1.4.0.jar;C:\Users\Wanve.abhishek\.gradle\caches\modules-2\files-2.1\org.apache.commons\commons-math\2.2\4877b85d388275f994a5cfc7eceb73a8045d3006\commons-math-2.2.jar;C:\Users\Wanve.abhishek\.gradle\caches\modules-2\files-2.1\commons-jxpath\commons-jxpath\1.3\c22d7d0f0f40eb7059a23cfa61773a416768b137\commons-jxpath-1.3.jar;C:\Users\Wanve.abhishek\.gradle\caches\modules-2\files-2.1\joda-time\joda-time\2.3\56498efd17752898cfcc3868c1b6211a07b12b8f\joda-time-2.3.jar;C:\Users\Wanve.abhishek\.gradle\caches\modules-2\files-2.1\org.antlr\antlr-runtime\3.4\8f011408269a8e42b8548687e137d8eeb56df4b4\antlr-runtime-3.4.jar;C:\Users\Wanve.abhishek\.gradle\caches\modules-2\files-2.1\com.google.code.gson\gson\2.9.0\8a1167e089096758b49f9b34066ef98b2f4b37aa\gson-2.9.0.jar;C:\Users\Wanve.abhishek\.gradle\caches\modules-2\files-2.1\org.antlr\stringtemplate\3.2.1\59ec8083721eae215c6f3caee944c410d2be34de\stringtemplate-3.2.1.jar;C:\Users\Wanve.abhishek\.gradle\caches\modules-2\files-2.1\antlr\antlr\2.7.7\83cd2cd674a217ade95a4bb83a8a14f351f48bd0\antlr-2.7.7.jar
Launcher Type: SUN_STANDARD

[Global flags]
     intx CICompilerCount                          = 4                                         {product} {ergonomic}
     uint ConcGCThreads                            = 3                                         {product} {ergonomic}
     uint G1ConcRefinementThreads                  = 10                                        {product} {ergonomic}
   size_t G1HeapRegionSize                         = 2097152                                   {product} {ergonomic}
    uintx GCDrainStackTargetSize                   = 64                                        {product} {ergonomic}
   size_t InitialHeapSize                          = 264241152                                 {product} {ergonomic}
     bool ManagementServer                         = true                                      {product} {command line}
   size_t MarkStackSize                            = 4194304                                   {product} {ergonomic}
   size_t MaxHeapSize                              = 4200595456                                {product} {ergonomic}
   size_t MaxNewSize                               = 2518679552                                {product} {ergonomic}
   size_t MinHeapDeltaBytes                        = 2097152                                   {product} {ergonomic}
   size_t MinHeapSize                              = 8388608                                   {product} {ergonomic}
    uintx NonNMethodCodeHeapSize                   = 4096                                   {pd product} {ergonomic}
    uintx NonProfiledCodeHeapSize                  = 0                                      {pd product} {ergonomic}
     bool ProfileInterpreter                       = false                                  {pd product} {command line}
    uintx ProfiledCodeHeapSize                     = 0                                      {pd product} {ergonomic}
     bool ShowCodeDetailsInExceptionMessages       = true                                   {manageable} {command line}
   size_t SoftMaxHeapSize                          = 4200595456                             {manageable} {ergonomic}
     intx TieredStopAtLevel                        = 1                                         {product} {command line}
     bool UseCompressedOops                        = true                           {product lp64_product} {ergonomic}
     bool UseG1GC                                  = true                                      {product} {ergonomic}
     bool UseLargePagesIndividualAllocation        = false                                  {pd product} {ergonomic}

Logging:
Log output configuration:
 #0: stdout all=warning uptime,level,tags foldmultilines=false
 #1: stderr all=off uptime,level,tags foldmultilines=false

Environment Variables:
CLASSPATH=.;C:\PROGRA~1\IBM\SQLLIB\java\db2java.zip;C:\PROGRA~1\IBM\SQLLIB\java\db2jcc.jar;C:\PROGRA~1\IBM\SQLLIB\java\sqlj.zip;C:\PROGRA~1\IBM\SQLLIB\java\db2jcc_license_cu.jar;C:\PROGRA~1\IBM\SQLLIB\bin;C:\PROGRA~1\IBM\SQLLIB\java\common.jar
PATH=C:\Users\Wanve.abhishek\Desktop\sts-4.29.0.RELEASE\plugins\org.eclipse.justj.openjdk.hotspot.jre.full.win32.x86_64_21.0.6.v20250130-0529\jre\bin;C:/Users/Wanve.abhishek/Desktop/sts-4.29.0.RELEASE//plugins/org.eclipse.justj.openjdk.hotspot.jre.full.win32.x86_64_21.0.6.v20250130-0529/jre/bin/server;C:/Users/Wanve.abhishek/Desktop/sts-4.29.0.RELEASE//plugins/org.eclipse.justj.openjdk.hotspot.jre.full.win32.x86_64_21.0.6.v20250130-0529/jre/bin;C:\Program Files (x86)\Seclore\FileSecure\Desktop Client;C:\Program Files (x86)\Seclore\FileSecure\Desktop Client\Upgrade Manager;C:\Program Files (x86)\Seclore\FileSecure\Desktop Client;C:\Program Files (x86)\Seclore\FileSecure\Desktop Client\x64;C:\Program Files\Common Files\Oracle\Java\javapath;C:\Program Files (x86)\Common Files\Oracle\Java\javapath;C:\Python312\Scripts\;C:\Python312\;C:\ProgramData\Oracle\Java\javapath;C:\windows\system32;C:\windows;C:\windows\System32\Wbem;C:\windows\System32\WindowsPowerShell\v1.0\;C:\windows\System32\OpenSSH\;C:\Program Files (x86)\IBM\Client Access\Emulator;C:\Program Files (x86)\IBM\Client Access\Shared;C:\Program Files (x86)\IBM\Client Access\;C:\Program Files (x86)\Java\jre6\bin;C:\Program Files\TortoiseSVN\bin;C:\ProgramData\chocolatey\bin;C:\Program Files (x86)\javaJDK\bin;C:\WanveAbhishekRam\Git\cmd;C:\WanveAbhishekRam\software\Java\jdk-11.0.12_linux-aarch64_bin\jdk-11.0.12\bin;C:\WanveAbhishekRam\software\gradle-7.1.1\bin;C:\Program Files\MongoDB\Server\7.0\bin;C:\PROGRA~1\IBM\SQLLIB\BIN;C:\PROGRA~1\IBM\SQLLIB\FUNCTION;C:\PROGRA~1\IBM\SQLLIB\SAMPLES\REPL;%NVM_HOME%;%NVM_SYMLINK%;C:\Program Files\Docker\Docker\resources\bin;C:\Users\Wanve.abhishek\AppData\Local\Microsoft\WindowsApps;C:\Users\Wanve.abhishek\AppData\Local\Programs\Microsoft VS Code\bin;C:\Users\Wanve.abhishek\AppData\Roaming\nvm;C:\Program Files\nodejs;C:\Users\Wanve.abhishek\AppData\Roaming\npm;C:\Users\Wanve.abhishek\Desktop\sts-4.29.0.RELEASE;
USERNAME=Wanve.abhishek
OS=Windows_NT
PROCESSOR_IDENTIFIER=Intel64 Family 6 Model 154 Stepping 4, GenuineIntel
TMP=C:\Users\WANVE~1.ABH\AppData\Local\Temp
TEMP=C:\Users\WANVE~1.ABH\AppData\Local\Temp




Periodic native trim disabled

---------------  S Y S T E M  ---------------

OS:
 Windows 11 , 64 bit Build 22621 (10.0.22621.5415)
OS uptime: 1 days 0:17 hours
Hyper-V role detected

CPU: total 12 (initial active 12) (6 cores per cpu, 2 threads per core) family 6 model 154 stepping 4 microcode 0x435, cx8, cmov, fxsr, ht, mmx, 3dnowpref, sse, sse2, sse3, ssse3, sse4.1, sse4.2, popcnt, lzcnt, tsc, tscinvbit, avx, avx2, aes, erms, clmul, bmi1, bmi2, adx, sha, fma, vzeroupper, clflush, clflushopt, clwb, hv, serialize, rdtscp, rdpid, fsrm, f16c, cet_ibt, cet_ss
Processor Information for the first 12 processors :
  Max Mhz: 1300, Current Mhz: 1300, Mhz Limit: 1300

Memory: 4k page, system-wide physical 16016M (2203M free)
TotalPageFile size 27792M (AvailPageFile size 5391M)
current process WorkingSet (physical memory assigned to process): 260M, peak: 273M
current process commit charge ("private bytes"): 306M, peak: 379M

vm_info: OpenJDK 64-Bit Server VM (21.0.6+7-LTS) for windows-amd64 JRE (21.0.6+7-LTS), built on 2025-01-21T00:00:00Z by "admin" with MS VC++ 17.7 (VS2022)

END.
